2024-11-21 22:14:24,146 [ERROR] LogOutputStream:75 - [STDERR_REDIRECT] Nov 21, 2024 10:14:24 PM java.util.prefs.FileSystemPreferences checkLockFile0ErrorCode
2024-11-21 22:14:24,152 [ERROR] LogOutputStream:75 - [STDERR_REDIRECT] WARNING: Could not lock System prefs. Unix error code 2.
2024-11-21 22:14:24,153 [ERROR] LogOutputStream:75 - [STDERR_REDIRECT] 
2024-11-21 22:14:24,153 [ERROR] LogOutputStream:75 - [STDERR_REDIRECT] Nov 21, 2024 10:14:24 PM java.util.prefs.FileSystemPreferences syncWorld
2024-11-21 22:14:24,153 [ERROR] LogOutputStream:75 - [STDERR_REDIRECT] WARNING: Couldn't flush system prefs: java.util.prefs.BackingStoreException: Couldn't get file lock.
2024-11-21 22:14:24,154 [ERROR] LogOutputStream:75 - [STDERR_REDIRECT] 
2024-11-21 22:14:54,146 [ERROR] LogOutputStream:75 - [STDERR_REDIRECT] Nov 21, 2024 10:14:54 PM java.util.prefs.FileSystemPreferences checkLockFile0ErrorCode
2024-11-21 22:14:54,146 [ERROR] LogOutputStream:75 - [STDERR_REDIRECT] WARNING: Could not lock System prefs. Unix error code 2.
2024-11-21 22:14:54,146 [ERROR] LogOutputStream:75 - [STDERR_REDIRECT] 
2024-11-21 22:14:54,147 [ERROR] LogOutputStream:75 - [STDERR_REDIRECT] Nov 21, 2024 10:14:54 PM java.util.prefs.FileSystemPreferences syncWorld
2024-11-21 22:14:54,147 [ERROR] LogOutputStream:75 - [STDERR_REDIRECT] WARNING: Couldn't flush system prefs: java.util.prefs.BackingStoreException: Couldn't get file lock.
2024-11-21 22:14:54,147 [ERROR] LogOutputStream:75 - [STDERR_REDIRECT] 
2024-11-21 22:15:24,148 [ERROR] LogOutputStream:75 - [STDERR_REDIRECT] Nov 21, 2024 10:15:24 PM java.util.prefs.FileSystemPreferences checkLockFile0ErrorCode
2024-11-21 22:15:24,149 [ERROR] LogOutputStream:75 - [STDERR_REDIRECT] WARNING: Could not lock System prefs. Unix error code 2.
2024-11-21 22:15:24,149 [ERROR] LogOutputStream:75 - [STDERR_REDIRECT] 
2024-11-21 22:15:24,150 [ERROR] LogOutputStream:75 - [STDERR_REDIRECT] Nov 21, 2024 10:15:24 PM java.util.prefs.FileSystemPreferences syncWorld
2024-11-21 22:15:24,151 [ERROR] LogOutputStream:75 - [STDERR_REDIRECT] WARNING: Couldn't flush system prefs: java.util.prefs.BackingStoreException: Couldn't get file lock.
2024-11-21 22:15:24,151 [ERROR] LogOutputStream:75 - [STDERR_REDIRECT] 
2024-11-21 22:15:54,146 [ERROR] LogOutputStream:75 - [STDERR_REDIRECT] Nov 21, 2024 10:15:54 PM java.util.prefs.FileSystemPreferences checkLockFile0ErrorCode
2024-11-21 22:15:54,147 [ERROR] LogOutputStream:75 - [STDERR_REDIRECT] WARNING: Could not lock System prefs. Unix error code 2.
2024-11-21 22:15:54,147 [ERROR] LogOutputStream:75 - [STDERR_REDIRECT] 
2024-11-21 22:15:54,147 [ERROR] LogOutputStream:75 - [STDERR_REDIRECT] Nov 21, 2024 10:15:54 PM java.util.prefs.FileSystemPreferences syncWorld
2024-11-21 22:15:54,147 [ERROR] LogOutputStream:75 - [STDERR_REDIRECT] WARNING: Couldn't flush system prefs: java.util.prefs.BackingStoreException: Couldn't get file lock.
2024-11-21 22:15:54,147 [ERROR] LogOutputStream:75 - [STDERR_REDIRECT] 
2024-11-21 22:16:24,150 [ERROR] LogOutputStream:75 - [STDERR_REDIRECT] Nov 21, 2024 10:16:24 PM java.util.prefs.FileSystemPreferences checkLockFile0ErrorCode
2024-11-21 22:16:24,151 [ERROR] LogOutputStream:75 - [STDERR_REDIRECT] WARNING: Could not lock System prefs. Unix error code 2.
2024-11-21 22:16:24,152 [ERROR] LogOutputStream:75 - [STDERR_REDIRECT] 
2024-11-21 22:16:24,154 [ERROR] LogOutputStream:75 - [STDERR_REDIRECT] Nov 21, 2024 10:16:24 PM java.util.prefs.FileSystemPreferences syncWorld
2024-11-21 22:16:24,155 [ERROR] LogOutputStream:75 - [STDERR_REDIRECT] WARNING: Couldn't flush system prefs: java.util.prefs.BackingStoreException: Couldn't get file lock.
2024-11-21 22:16:24,156 [ERROR] LogOutputStream:75 - [STDERR_REDIRECT] 
2024-11-21 22:16:54,150 [ERROR] LogOutputStream:75 - [STDERR_REDIRECT] Nov 21, 2024 10:16:54 PM java.util.prefs.FileSystemPreferences checkLockFile0ErrorCode
2024-11-21 22:16:54,150 [ERROR] LogOutputStream:75 - [STDERR_REDIRECT] WARNING: Could not lock System prefs. Unix error code 2.
2024-11-21 22:16:54,151 [ERROR] LogOutputStream:75 - [STDERR_REDIRECT] 
2024-11-21 22:16:54,152 [ERROR] LogOutputStream:75 - [STDERR_REDIRECT] Nov 21, 2024 10:16:54 PM java.util.prefs.FileSystemPreferences syncWorld
2024-11-21 22:16:54,152 [ERROR] LogOutputStream:75 - [STDERR_REDIRECT] WARNING: Couldn't flush system prefs: java.util.prefs.BackingStoreException: Couldn't get file lock.
2024-11-21 22:16:54,153 [ERROR] LogOutputStream:75 - [STDERR_REDIRECT] 
2024-11-21 22:17:24,149 [ERROR] LogOutputStream:75 - [STDERR_REDIRECT] Nov 21, 2024 10:17:24 PM java.util.prefs.FileSystemPreferences checkLockFile0ErrorCode
2024-11-21 22:17:24,149 [ERROR] LogOutputStream:75 - [STDERR_REDIRECT] WARNING: Could not lock System prefs. Unix error code 2.
2024-11-21 22:17:24,149 [ERROR] LogOutputStream:75 - [STDERR_REDIRECT] 
2024-11-21 22:17:24,150 [ERROR] LogOutputStream:75 - [STDERR_REDIRECT] Nov 21, 2024 10:17:24 PM java.util.prefs.FileSystemPreferences syncWorld
2024-11-21 22:17:24,150 [ERROR] LogOutputStream:75 - [STDERR_REDIRECT] WARNING: Couldn't flush system prefs: java.util.prefs.BackingStoreException: Couldn't get file lock.
2024-11-21 22:17:24,150 [ERROR] LogOutputStream:75 - [STDERR_REDIRECT] 
2024-11-21 22:17:54,149 [ERROR] LogOutputStream:75 - [STDERR_REDIRECT] Nov 21, 2024 10:17:54 PM java.util.prefs.FileSystemPreferences checkLockFile0ErrorCode
2024-11-21 22:17:54,149 [ERROR] LogOutputStream:75 - [STDERR_REDIRECT] WARNING: Could not lock System prefs. Unix error code 2.
2024-11-21 22:17:54,150 [ERROR] LogOutputStream:75 - [STDERR_REDIRECT] 
2024-11-21 22:17:54,150 [ERROR] LogOutputStream:75 - [STDERR_REDIRECT] Nov 21, 2024 10:17:54 PM java.util.prefs.FileSystemPreferences syncWorld
2024-11-21 22:17:54,150 [ERROR] LogOutputStream:75 - [STDERR_REDIRECT] WARNING: Couldn't flush system prefs: java.util.prefs.BackingStoreException: Couldn't get file lock.
2024-11-21 22:17:54,150 [ERROR] LogOutputStream:75 - [STDERR_REDIRECT] 
2024-11-21 22:18:24,151 [ERROR] LogOutputStream:75 - [STDERR_REDIRECT] Nov 21, 2024 10:18:24 PM java.util.prefs.FileSystemPreferences checkLockFile0ErrorCode
2024-11-21 22:18:24,152 [ERROR] LogOutputStream:75 - [STDERR_REDIRECT] WARNING: Could not lock System prefs. Unix error code 2.
2024-11-21 22:18:24,152 [ERROR] LogOutputStream:75 - [STDERR_REDIRECT] 
2024-11-21 22:18:24,153 [ERROR] LogOutputStream:75 - [STDERR_REDIRECT] Nov 21, 2024 10:18:24 PM java.util.prefs.FileSystemPreferences syncWorld
2024-11-21 22:18:24,153 [ERROR] LogOutputStream:75 - [STDERR_REDIRECT] WARNING: Couldn't flush system prefs: java.util.prefs.BackingStoreException: Couldn't get file lock.
2024-11-21 22:18:24,153 [ERROR] LogOutputStream:75 - [STDERR_REDIRECT] 
2024-11-21 22:18:54,151 [ERROR] LogOutputStream:75 - [STDERR_REDIRECT] Nov 21, 2024 10:18:54 PM java.util.prefs.FileSystemPreferences checkLockFile0ErrorCode
2024-11-21 22:18:54,151 [ERROR] LogOutputStream:75 - [STDERR_REDIRECT] WARNING: Could not lock System prefs. Unix error code 2.
2024-11-21 22:18:54,152 [ERROR] LogOutputStream:75 - [STDERR_REDIRECT] 
2024-11-21 22:18:54,152 [ERROR] LogOutputStream:75 - [STDERR_REDIRECT] Nov 21, 2024 10:18:54 PM java.util.prefs.FileSystemPreferences syncWorld
2024-11-21 22:18:54,152 [ERROR] LogOutputStream:75 - [STDERR_REDIRECT] WARNING: Couldn't flush system prefs: java.util.prefs.BackingStoreException: Couldn't get file lock.
2024-11-21 22:18:54,152 [ERROR] LogOutputStream:75 - [STDERR_REDIRECT] 
2024-11-21 22:19:24,151 [ERROR] LogOutputStream:75 - [STDERR_REDIRECT] Nov 21, 2024 10:19:24 PM java.util.prefs.FileSystemPreferences checkLockFile0ErrorCode
2024-11-21 22:19:24,152 [ERROR] LogOutputStream:75 - [STDERR_REDIRECT] WARNING: Could not lock System prefs. Unix error code 2.
2024-11-21 22:19:24,152 [ERROR] LogOutputStream:75 - [STDERR_REDIRECT] 
2024-11-21 22:19:24,152 [ERROR] LogOutputStream:75 - [STDERR_REDIRECT] Nov 21, 2024 10:19:24 PM java.util.prefs.FileSystemPreferences syncWorld
2024-11-21 22:19:24,152 [ERROR] LogOutputStream:75 - [STDERR_REDIRECT] WARNING: Couldn't flush system prefs: java.util.prefs.BackingStoreException: Couldn't get file lock.
2024-11-21 22:19:24,153 [ERROR] LogOutputStream:75 - [STDERR_REDIRECT] 
2024-11-21 22:19:54,151 [ERROR] LogOutputStream:75 - [STDERR_REDIRECT] Nov 21, 2024 10:19:54 PM java.util.prefs.FileSystemPreferences checkLockFile0ErrorCode
2024-11-21 22:19:54,151 [ERROR] LogOutputStream:75 - [STDERR_REDIRECT] WARNING: Could not lock System prefs. Unix error code 2.
2024-11-21 22:19:54,151 [ERROR] LogOutputStream:75 - [STDERR_REDIRECT] 
2024-11-21 22:19:54,152 [ERROR] LogOutputStream:75 - [STDERR_REDIRECT] Nov 21, 2024 10:19:54 PM java.util.prefs.FileSystemPreferences syncWorld
2024-11-21 22:19:54,152 [ERROR] LogOutputStream:75 - [STDERR_REDIRECT] WARNING: Couldn't flush system prefs: java.util.prefs.BackingStoreException: Couldn't get file lock.
2024-11-21 22:19:54,152 [ERROR] LogOutputStream:75 - [STDERR_REDIRECT] 
2024-11-21 22:20:24,151 [ERROR] LogOutputStream:75 - [STDERR_REDIRECT] Nov 21, 2024 10:20:24 PM java.util.prefs.FileSystemPreferences checkLockFile0ErrorCode
2024-11-21 22:20:24,152 [ERROR] LogOutputStream:75 - [STDERR_REDIRECT] WARNING: Could not lock System prefs. Unix error code 2.
2024-11-21 22:20:24,152 [ERROR] LogOutputStream:75 - [STDERR_REDIRECT] 
2024-11-21 22:20:24,153 [ERROR] LogOutputStream:75 - [STDERR_REDIRECT] Nov 21, 2024 10:20:24 PM java.util.prefs.FileSystemPreferences syncWorld
2024-11-21 22:20:24,153 [ERROR] LogOutputStream:75 - [STDERR_REDIRECT] WARNING: Couldn't flush system prefs: java.util.prefs.BackingStoreException: Couldn't get file lock.
2024-11-21 22:20:24,153 [ERROR] LogOutputStream:75 - [STDERR_REDIRECT] 
2024-11-21 22:20:54,155 [ERROR] LogOutputStream:75 - [STDERR_REDIRECT] Nov 21, 2024 10:20:54 PM java.util.prefs.FileSystemPreferences checkLockFile0ErrorCode
2024-11-21 22:20:54,155 [ERROR] LogOutputStream:75 - [STDERR_REDIRECT] WARNING: Could not lock System prefs. Unix error code 2.
2024-11-21 22:20:54,156 [ERROR] LogOutputStream:75 - [STDERR_REDIRECT] 
2024-11-21 22:20:54,157 [ERROR] LogOutputStream:75 - [STDERR_REDIRECT] Nov 21, 2024 10:20:54 PM java.util.prefs.FileSystemPreferences syncWorld
2024-11-21 22:20:54,157 [ERROR] LogOutputStream:75 - [STDERR_REDIRECT] WARNING: Couldn't flush system prefs: java.util.prefs.BackingStoreException: Couldn't get file lock.
2024-11-21 22:20:54,158 [ERROR] LogOutputStream:75 - [STDERR_REDIRECT] 
2024-11-21 22:21:24,152 [ERROR] LogOutputStream:75 - [STDERR_REDIRECT] Nov 21, 2024 10:21:24 PM java.util.prefs.FileSystemPreferences checkLockFile0ErrorCode
2024-11-21 22:21:24,152 [ERROR] LogOutputStream:75 - [STDERR_REDIRECT] WARNING: Could not lock System prefs. Unix error code 2.
2024-11-21 22:21:24,153 [ERROR] LogOutputStream:75 - [STDERR_REDIRECT] 
2024-11-21 22:21:24,153 [ERROR] LogOutputStream:75 - [STDERR_REDIRECT] Nov 21, 2024 10:21:24 PM java.util.prefs.FileSystemPreferences syncWorld
2024-11-21 22:21:24,154 [ERROR] LogOutputStream:75 - [STDERR_REDIRECT] WARNING: Couldn't flush system prefs: java.util.prefs.BackingStoreException: Couldn't get file lock.
2024-11-21 22:21:24,154 [ERROR] LogOutputStream:75 - [STDERR_REDIRECT] 
2024-11-21 22:21:54,156 [ERROR] LogOutputStream:75 - [STDERR_REDIRECT] Nov 21, 2024 10:21:54 PM java.util.prefs.FileSystemPreferences checkLockFile0ErrorCode
2024-11-21 22:21:54,156 [ERROR] LogOutputStream:75 - [STDERR_REDIRECT] WARNING: Could not lock System prefs. Unix error code 2.
2024-11-21 22:21:54,156 [ERROR] LogOutputStream:75 - [STDERR_REDIRECT] 
2024-11-21 22:21:54,157 [ERROR] LogOutputStream:75 - [STDERR_REDIRECT] Nov 21, 2024 10:21:54 PM java.util.prefs.FileSystemPreferences syncWorld
2024-11-21 22:21:54,158 [ERROR] LogOutputStream:75 - [STDERR_REDIRECT] WARNING: Couldn't flush system prefs: java.util.prefs.BackingStoreException: Couldn't get file lock.
2024-11-21 22:21:54,158 [ERROR] LogOutputStream:75 - [STDERR_REDIRECT] 
2024-11-21 22:22:24,152 [ERROR] LogOutputStream:75 - [STDERR_REDIRECT] Nov 21, 2024 10:22:24 PM java.util.prefs.FileSystemPreferences checkLockFile0ErrorCode
2024-11-21 22:22:24,152 [ERROR] LogOutputStream:75 - [STDERR_REDIRECT] WARNING: Could not lock System prefs. Unix error code 2.
2024-11-21 22:22:24,153 [ERROR] LogOutputStream:75 - [STDERR_REDIRECT] 
2024-11-21 22:22:24,153 [ERROR] LogOutputStream:75 - [STDERR_REDIRECT] Nov 21, 2024 10:22:24 PM java.util.prefs.FileSystemPreferences syncWorld
2024-11-21 22:22:24,154 [ERROR] LogOutputStream:75 - [STDERR_REDIRECT] WARNING: Couldn't flush system prefs: java.util.prefs.BackingStoreException: Couldn't get file lock.
2024-11-21 22:22:24,154 [ERROR] LogOutputStream:75 - [STDERR_REDIRECT] 
2024-11-21 22:22:54,153 [ERROR] LogOutputStream:75 - [STDERR_REDIRECT] Nov 21, 2024 10:22:54 PM java.util.prefs.FileSystemPreferences checkLockFile0ErrorCode
2024-11-21 22:22:54,154 [ERROR] LogOutputStream:75 - [STDERR_REDIRECT] WARNING: Could not lock System prefs. Unix error code 2.
2024-11-21 22:22:54,154 [ERROR] LogOutputStream:75 - [STDERR_REDIRECT] 
2024-11-21 22:22:54,155 [ERROR] LogOutputStream:75 - [STDERR_REDIRECT] Nov 21, 2024 10:22:54 PM java.util.prefs.FileSystemPreferences syncWorld
2024-11-21 22:22:54,156 [ERROR] LogOutputStream:75 - [STDERR_REDIRECT] WARNING: Couldn't flush system prefs: java.util.prefs.BackingStoreException: Couldn't get file lock.
2024-11-21 22:22:54,156 [ERROR] LogOutputStream:75 - [STDERR_REDIRECT] 
2024-11-21 22:23:24,152 [ERROR] LogOutputStream:75 - [STDERR_REDIRECT] Nov 21, 2024 10:23:24 PM java.util.prefs.FileSystemPreferences checkLockFile0ErrorCode
2024-11-21 22:23:24,153 [ERROR] LogOutputStream:75 - [STDERR_REDIRECT] WARNING: Could not lock System prefs. Unix error code 2.
2024-11-21 22:23:24,153 [ERROR] LogOutputStream:75 - [STDERR_REDIRECT] 
2024-11-21 22:23:24,154 [ERROR] LogOutputStream:75 - [STDERR_REDIRECT] Nov 21, 2024 10:23:24 PM java.util.prefs.FileSystemPreferences syncWorld
2024-11-21 22:23:24,154 [ERROR] LogOutputStream:75 - [STDERR_REDIRECT] WARNING: Couldn't flush system prefs: java.util.prefs.BackingStoreException: Couldn't get file lock.
2024-11-21 22:23:24,155 [ERROR] LogOutputStream:75 - [STDERR_REDIRECT] 
2024-11-21 22:23:54,152 [ERROR] LogOutputStream:75 - [STDERR_REDIRECT] Nov 21, 2024 10:23:54 PM java.util.prefs.FileSystemPreferences checkLockFile0ErrorCode
2024-11-21 22:23:54,152 [ERROR] LogOutputStream:75 - [STDERR_REDIRECT] WARNING: Could not lock System prefs. Unix error code 2.
2024-11-21 22:23:54,153 [ERROR] LogOutputStream:75 - [STDERR_REDIRECT] 
2024-11-21 22:23:54,154 [ERROR] LogOutputStream:75 - [STDERR_REDIRECT] Nov 21, 2024 10:23:54 PM java.util.prefs.FileSystemPreferences syncWorld
2024-11-21 22:23:54,155 [ERROR] LogOutputStream:75 - [STDERR_REDIRECT] WARNING: Couldn't flush system prefs: java.util.prefs.BackingStoreException: Couldn't get file lock.
2024-11-21 22:23:54,155 [ERROR] LogOutputStream:75 - [STDERR_REDIRECT] 
2024-11-21 22:24:24,151 [ERROR] LogOutputStream:75 - [STDERR_REDIRECT] Nov 21, 2024 10:24:24 PM java.util.prefs.FileSystemPreferences checkLockFile0ErrorCode
2024-11-21 22:24:24,151 [ERROR] LogOutputStream:75 - [STDERR_REDIRECT] WARNING: Could not lock System prefs. Unix error code 2.
2024-11-21 22:24:24,151 [ERROR] LogOutputStream:75 - [STDERR_REDIRECT] 
2024-11-21 22:24:24,152 [ERROR] LogOutputStream:75 - [STDERR_REDIRECT] Nov 21, 2024 10:24:24 PM java.util.prefs.FileSystemPreferences syncWorld
2024-11-21 22:24:24,153 [ERROR] LogOutputStream:75 - [STDERR_REDIRECT] WARNING: Couldn't flush system prefs: java.util.prefs.BackingStoreException: Couldn't get file lock.
2024-11-21 22:24:24,153 [ERROR] LogOutputStream:75 - [STDERR_REDIRECT] 
2024-11-21 22:24:54,153 [ERROR] LogOutputStream:75 - [STDERR_REDIRECT] Nov 21, 2024 10:24:54 PM java.util.prefs.FileSystemPreferences checkLockFile0ErrorCode
2024-11-21 22:24:54,153 [ERROR] LogOutputStream:75 - [STDERR_REDIRECT] WARNING: Could not lock System prefs. Unix error code 2.
2024-11-21 22:24:54,154 [ERROR] LogOutputStream:75 - [STDERR_REDIRECT] 
2024-11-21 22:24:54,154 [ERROR] LogOutputStream:75 - [STDERR_REDIRECT] Nov 21, 2024 10:24:54 PM java.util.prefs.FileSystemPreferences syncWorld
2024-11-21 22:24:54,155 [ERROR] LogOutputStream:75 - [STDERR_REDIRECT] WARNING: Couldn't flush system prefs: java.util.prefs.BackingStoreException: Couldn't get file lock.
2024-11-21 22:24:54,155 [ERROR] LogOutputStream:75 - [STDERR_REDIRECT] 
2024-11-21 22:25:24,153 [ERROR] LogOutputStream:75 - [STDERR_REDIRECT] Nov 21, 2024 10:25:24 PM java.util.prefs.FileSystemPreferences checkLockFile0ErrorCode
2024-11-21 22:25:24,153 [ERROR] LogOutputStream:75 - [STDERR_REDIRECT] WARNING: Could not lock System prefs. Unix error code 2.
2024-11-21 22:25:24,153 [ERROR] LogOutputStream:75 - [STDERR_REDIRECT] 
2024-11-21 22:25:24,154 [ERROR] LogOutputStream:75 - [STDERR_REDIRECT] Nov 21, 2024 10:25:24 PM java.util.prefs.FileSystemPreferences syncWorld
2024-11-21 22:25:24,154 [ERROR] LogOutputStream:75 - [STDERR_REDIRECT] WARNING: Couldn't flush system prefs: java.util.prefs.BackingStoreException: Couldn't get file lock.
2024-11-21 22:25:24,154 [ERROR] LogOutputStream:75 - [STDERR_REDIRECT] 
2024-11-21 22:25:54,153 [ERROR] LogOutputStream:75 - [STDERR_REDIRECT] Nov 21, 2024 10:25:54 PM java.util.prefs.FileSystemPreferences checkLockFile0ErrorCode
2024-11-21 22:25:54,154 [ERROR] LogOutputStream:75 - [STDERR_REDIRECT] WARNING: Could not lock System prefs. Unix error code 2.
2024-11-21 22:25:54,154 [ERROR] LogOutputStream:75 - [STDERR_REDIRECT] 
2024-11-21 22:25:54,155 [ERROR] LogOutputStream:75 - [STDERR_REDIRECT] Nov 21, 2024 10:25:54 PM java.util.prefs.FileSystemPreferences syncWorld
2024-11-21 22:25:54,156 [ERROR] LogOutputStream:75 - [STDERR_REDIRECT] WARNING: Couldn't flush system prefs: java.util.prefs.BackingStoreException: Couldn't get file lock.
2024-11-21 22:25:54,157 [ERROR] LogOutputStream:75 - [STDERR_REDIRECT] 
2024-11-21 22:26:24,156 [ERROR] LogOutputStream:75 - [STDERR_REDIRECT] Nov 21, 2024 10:26:24 PM java.util.prefs.FileSystemPreferences checkLockFile0ErrorCode
2024-11-21 22:26:24,156 [ERROR] LogOutputStream:75 - [STDERR_REDIRECT] WARNING: Could not lock System prefs. Unix error code 2.
2024-11-21 22:26:24,157 [ERROR] LogOutputStream:75 - [STDERR_REDIRECT] 
2024-11-21 22:26:24,158 [ERROR] LogOutputStream:75 - [STDERR_REDIRECT] Nov 21, 2024 10:26:24 PM java.util.prefs.FileSystemPreferences syncWorld
2024-11-21 22:26:24,158 [ERROR] LogOutputStream:75 - [STDERR_REDIRECT] WARNING: Couldn't flush system prefs: java.util.prefs.BackingStoreException: Couldn't get file lock.
2024-11-21 22:26:24,159 [ERROR] LogOutputStream:75 - [STDERR_REDIRECT] 
2024-11-21 22:26:54,158 [ERROR] LogOutputStream:75 - [STDERR_REDIRECT] Nov 21, 2024 10:26:54 PM java.util.prefs.FileSystemPreferences checkLockFile0ErrorCode
2024-11-21 22:26:54,158 [ERROR] LogOutputStream:75 - [STDERR_REDIRECT] WARNING: Could not lock System prefs. Unix error code 2.
2024-11-21 22:26:54,158 [ERROR] LogOutputStream:75 - [STDERR_REDIRECT] 
2024-11-21 22:26:54,158 [ERROR] LogOutputStream:75 - [STDERR_REDIRECT] Nov 21, 2024 10:26:54 PM java.util.prefs.FileSystemPreferences syncWorld
2024-11-21 22:26:54,159 [ERROR] LogOutputStream:75 - [STDERR_REDIRECT] WARNING: Couldn't flush system prefs: java.util.prefs.BackingStoreException: Couldn't get file lock.
2024-11-21 22:26:54,159 [ERROR] LogOutputStream:75 - [STDERR_REDIRECT] 
2024-11-21 22:27:24,155 [ERROR] LogOutputStream:75 - [STDERR_REDIRECT] Nov 21, 2024 10:27:24 PM java.util.prefs.FileSystemPreferences checkLockFile0ErrorCode
2024-11-21 22:27:24,155 [ERROR] LogOutputStream:75 - [STDERR_REDIRECT] WARNING: Could not lock System prefs. Unix error code 2.
2024-11-21 22:27:24,155 [ERROR] LogOutputStream:75 - [STDERR_REDIRECT] 
2024-11-21 22:27:24,156 [ERROR] LogOutputStream:75 - [STDERR_REDIRECT] Nov 21, 2024 10:27:24 PM java.util.prefs.FileSystemPreferences syncWorld
2024-11-21 22:27:24,156 [ERROR] LogOutputStream:75 - [STDERR_REDIRECT] WARNING: Couldn't flush system prefs: java.util.prefs.BackingStoreException: Couldn't get file lock.
2024-11-21 22:27:24,156 [ERROR] LogOutputStream:75 - [STDERR_REDIRECT] 
2024-11-21 22:27:54,154 [ERROR] LogOutputStream:75 - [STDERR_REDIRECT] Nov 21, 2024 10:27:54 PM java.util.prefs.FileSystemPreferences checkLockFile0ErrorCode
2024-11-21 22:27:54,155 [ERROR] LogOutputStream:75 - [STDERR_REDIRECT] WARNING: Could not lock System prefs. Unix error code 2.
2024-11-21 22:27:54,155 [ERROR] LogOutputStream:75 - [STDERR_REDIRECT] 
2024-11-21 22:27:54,156 [ERROR] LogOutputStream:75 - [STDERR_REDIRECT] Nov 21, 2024 10:27:54 PM java.util.prefs.FileSystemPreferences syncWorld
2024-11-21 22:27:54,157 [ERROR] LogOutputStream:75 - [STDERR_REDIRECT] WARNING: Couldn't flush system prefs: java.util.prefs.BackingStoreException: Couldn't get file lock.
2024-11-21 22:27:54,157 [ERROR] LogOutputStream:75 - [STDERR_REDIRECT] 
2024-11-21 22:28:24,155 [ERROR] LogOutputStream:75 - [STDERR_REDIRECT] Nov 21, 2024 10:28:24 PM java.util.prefs.FileSystemPreferences checkLockFile0ErrorCode
2024-11-21 22:28:24,156 [ERROR] LogOutputStream:75 - [STDERR_REDIRECT] WARNING: Could not lock System prefs. Unix error code 2.
2024-11-21 22:28:24,156 [ERROR] LogOutputStream:75 - [STDERR_REDIRECT] 
2024-11-21 22:28:24,157 [ERROR] LogOutputStream:75 - [STDERR_REDIRECT] Nov 21, 2024 10:28:24 PM java.util.prefs.FileSystemPreferences syncWorld
2024-11-21 22:28:24,157 [ERROR] LogOutputStream:75 - [STDERR_REDIRECT] WARNING: Couldn't flush system prefs: java.util.prefs.BackingStoreException: Couldn't get file lock.
2024-11-21 22:28:24,157 [ERROR] LogOutputStream:75 - [STDERR_REDIRECT] 
2024-11-21 22:28:54,154 [ERROR] LogOutputStream:75 - [STDERR_REDIRECT] Nov 21, 2024 10:28:54 PM java.util.prefs.FileSystemPreferences checkLockFile0ErrorCode
2024-11-21 22:28:54,154 [ERROR] LogOutputStream:75 - [STDERR_REDIRECT] WARNING: Could not lock System prefs. Unix error code 2.
2024-11-21 22:28:54,154 [ERROR] LogOutputStream:75 - [STDERR_REDIRECT] 
2024-11-21 22:28:54,155 [ERROR] LogOutputStream:75 - [STDERR_REDIRECT] Nov 21, 2024 10:28:54 PM java.util.prefs.FileSystemPreferences syncWorld
2024-11-21 22:28:54,156 [ERROR] LogOutputStream:75 - [STDERR_REDIRECT] WARNING: Couldn't flush system prefs: java.util.prefs.BackingStoreException: Couldn't get file lock.
2024-11-21 22:28:54,156 [ERROR] LogOutputStream:75 - [STDERR_REDIRECT] 
2024-11-21 22:29:24,154 [ERROR] LogOutputStream:75 - [STDERR_REDIRECT] Nov 21, 2024 10:29:24 PM java.util.prefs.FileSystemPreferences checkLockFile0ErrorCode
2024-11-21 22:29:24,155 [ERROR] LogOutputStream:75 - [STDERR_REDIRECT] WARNING: Could not lock System prefs. Unix error code 2.
2024-11-21 22:29:24,155 [ERROR] LogOutputStream:75 - [STDERR_REDIRECT] 
2024-11-21 22:29:24,156 [ERROR] LogOutputStream:75 - [STDERR_REDIRECT] Nov 21, 2024 10:29:24 PM java.util.prefs.FileSystemPreferences syncWorld
2024-11-21 22:29:24,156 [ERROR] LogOutputStream:75 - [STDERR_REDIRECT] WARNING: Couldn't flush system prefs: java.util.prefs.BackingStoreException: Couldn't get file lock.
2024-11-21 22:29:24,156 [ERROR] LogOutputStream:75 - [STDERR_REDIRECT] 
2024-11-21 22:29:54,154 [ERROR] LogOutputStream:75 - [STDERR_REDIRECT] Nov 21, 2024 10:29:54 PM java.util.prefs.FileSystemPreferences checkLockFile0ErrorCode
2024-11-21 22:29:54,155 [ERROR] LogOutputStream:75 - [STDERR_REDIRECT] WARNING: Could not lock System prefs. Unix error code 2.
2024-11-21 22:29:54,155 [ERROR] LogOutputStream:75 - [STDERR_REDIRECT] 
2024-11-21 22:29:54,155 [ERROR] LogOutputStream:75 - [STDERR_REDIRECT] Nov 21, 2024 10:29:54 PM java.util.prefs.FileSystemPreferences syncWorld
2024-11-21 22:29:54,155 [ERROR] LogOutputStream:75 - [STDERR_REDIRECT] WARNING: Couldn't flush system prefs: java.util.prefs.BackingStoreException: Couldn't get file lock.
2024-11-21 22:29:54,156 [ERROR] LogOutputStream:75 - [STDERR_REDIRECT] 
2024-11-21 22:30:24,154 [ERROR] LogOutputStream:75 - [STDERR_REDIRECT] Nov 21, 2024 10:30:24 PM java.util.prefs.FileSystemPreferences checkLockFile0ErrorCode
2024-11-21 22:30:24,154 [ERROR] LogOutputStream:75 - [STDERR_REDIRECT] WARNING: Could not lock System prefs. Unix error code 2.
2024-11-21 22:30:24,154 [ERROR] LogOutputStream:75 - [STDERR_REDIRECT] 
2024-11-21 22:30:24,154 [ERROR] LogOutputStream:75 - [STDERR_REDIRECT] Nov 21, 2024 10:30:24 PM java.util.prefs.FileSystemPreferences syncWorld
2024-11-21 22:30:24,155 [ERROR] LogOutputStream:75 - [STDERR_REDIRECT] WARNING: Couldn't flush system prefs: java.util.prefs.BackingStoreException: Couldn't get file lock.
2024-11-21 22:30:24,155 [ERROR] LogOutputStream:75 - [STDERR_REDIRECT] 
2024-11-21 22:30:54,155 [ERROR] LogOutputStream:75 - [STDERR_REDIRECT] Nov 21, 2024 10:30:54 PM java.util.prefs.FileSystemPreferences checkLockFile0ErrorCode
2024-11-21 22:30:54,156 [ERROR] LogOutputStream:75 - [STDERR_REDIRECT] WARNING: Could not lock System prefs. Unix error code 2.
2024-11-21 22:30:54,156 [ERROR] LogOutputStream:75 - [STDERR_REDIRECT] 
2024-11-21 22:30:54,156 [ERROR] LogOutputStream:75 - [STDERR_REDIRECT] Nov 21, 2024 10:30:54 PM java.util.prefs.FileSystemPreferences syncWorld
2024-11-21 22:30:54,156 [ERROR] LogOutputStream:75 - [STDERR_REDIRECT] WARNING: Couldn't flush system prefs: java.util.prefs.BackingStoreException: Couldn't get file lock.
2024-11-21 22:30:54,157 [ERROR] LogOutputStream:75 - [STDERR_REDIRECT] 
2024-11-21 22:31:24,155 [ERROR] LogOutputStream:75 - [STDERR_REDIRECT] Nov 21, 2024 10:31:24 PM java.util.prefs.FileSystemPreferences checkLockFile0ErrorCode
2024-11-21 22:31:24,155 [ERROR] LogOutputStream:75 - [STDERR_REDIRECT] WARNING: Could not lock System prefs. Unix error code 2.
2024-11-21 22:31:24,155 [ERROR] LogOutputStream:75 - [STDERR_REDIRECT] 
2024-11-21 22:31:24,155 [ERROR] LogOutputStream:75 - [STDERR_REDIRECT] Nov 21, 2024 10:31:24 PM java.util.prefs.FileSystemPreferences syncWorld
2024-11-21 22:31:24,156 [ERROR] LogOutputStream:75 - [STDERR_REDIRECT] WARNING: Couldn't flush system prefs: java.util.prefs.BackingStoreException: Couldn't get file lock.
2024-11-21 22:31:24,156 [ERROR] LogOutputStream:75 - [STDERR_REDIRECT] 
2024-11-21 22:31:54,155 [ERROR] LogOutputStream:75 - [STDERR_REDIRECT] Nov 21, 2024 10:31:54 PM java.util.prefs.FileSystemPreferences checkLockFile0ErrorCode
2024-11-21 22:31:54,155 [ERROR] LogOutputStream:75 - [STDERR_REDIRECT] WARNING: Could not lock System prefs. Unix error code 2.
2024-11-21 22:31:54,155 [ERROR] LogOutputStream:75 - [STDERR_REDIRECT] 
2024-11-21 22:31:54,156 [ERROR] LogOutputStream:75 - [STDERR_REDIRECT] Nov 21, 2024 10:31:54 PM java.util.prefs.FileSystemPreferences syncWorld
2024-11-21 22:31:54,156 [ERROR] LogOutputStream:75 - [STDERR_REDIRECT] WARNING: Couldn't flush system prefs: java.util.prefs.BackingStoreException: Couldn't get file lock.
2024-11-21 22:31:54,156 [ERROR] LogOutputStream:75 - [STDERR_REDIRECT] 
2024-11-21 22:32:24,154 [ERROR] LogOutputStream:75 - [STDERR_REDIRECT] Nov 21, 2024 10:32:24 PM java.util.prefs.FileSystemPreferences checkLockFile0ErrorCode
2024-11-21 22:32:24,155 [ERROR] LogOutputStream:75 - [STDERR_REDIRECT] WARNING: Could not lock System prefs. Unix error code 2.
2024-11-21 22:32:24,155 [ERROR] LogOutputStream:75 - [STDERR_REDIRECT] 
2024-11-21 22:32:24,155 [ERROR] LogOutputStream:75 - [STDERR_REDIRECT] Nov 21, 2024 10:32:24 PM java.util.prefs.FileSystemPreferences syncWorld
2024-11-21 22:32:24,156 [ERROR] LogOutputStream:75 - [STDERR_REDIRECT] WARNING: Couldn't flush system prefs: java.util.prefs.BackingStoreException: Couldn't get file lock.
2024-11-21 22:32:24,156 [ERROR] LogOutputStream:75 - [STDERR_REDIRECT] 
2024-11-21 22:32:54,154 [ERROR] LogOutputStream:75 - [STDERR_REDIRECT] Nov 21, 2024 10:32:54 PM java.util.prefs.FileSystemPreferences checkLockFile0ErrorCode
2024-11-21 22:32:54,154 [ERROR] LogOutputStream:75 - [STDERR_REDIRECT] WARNING: Could not lock System prefs. Unix error code 2.
2024-11-21 22:32:54,154 [ERROR] LogOutputStream:75 - [STDERR_REDIRECT] 
2024-11-21 22:32:54,155 [ERROR] LogOutputStream:75 - [STDERR_REDIRECT] Nov 21, 2024 10:32:54 PM java.util.prefs.FileSystemPreferences syncWorld
2024-11-21 22:32:54,155 [ERROR] LogOutputStream:75 - [STDERR_REDIRECT] WARNING: Couldn't flush system prefs: java.util.prefs.BackingStoreException: Couldn't get file lock.
2024-11-21 22:32:54,155 [ERROR] LogOutputStream:75 - [STDERR_REDIRECT] 
2024-11-21 22:33:24,157 [ERROR] LogOutputStream:75 - [STDERR_REDIRECT] Nov 21, 2024 10:33:24 PM java.util.prefs.FileSystemPreferences checkLockFile0ErrorCode
2024-11-21 22:33:24,158 [ERROR] LogOutputStream:75 - [STDERR_REDIRECT] WARNING: Could not lock System prefs. Unix error code 2.
2024-11-21 22:33:24,159 [ERROR] LogOutputStream:75 - [STDERR_REDIRECT] 
2024-11-21 22:33:24,160 [ERROR] LogOutputStream:75 - [STDERR_REDIRECT] Nov 21, 2024 10:33:24 PM java.util.prefs.FileSystemPreferences syncWorld
2024-11-21 22:33:24,160 [ERROR] LogOutputStream:75 - [STDERR_REDIRECT] WARNING: Couldn't flush system prefs: java.util.prefs.BackingStoreException: Couldn't get file lock.
2024-11-21 22:33:24,160 [ERROR] LogOutputStream:75 - [STDERR_REDIRECT] 
2024-11-21 22:33:54,154 [ERROR] LogOutputStream:75 - [STDERR_REDIRECT] Nov 21, 2024 10:33:54 PM java.util.prefs.FileSystemPreferences checkLockFile0ErrorCode
2024-11-21 22:33:54,154 [ERROR] LogOutputStream:75 - [STDERR_REDIRECT] WARNING: Could not lock System prefs. Unix error code 2.
2024-11-21 22:33:54,154 [ERROR] LogOutputStream:75 - [STDERR_REDIRECT] 
2024-11-21 22:33:54,155 [ERROR] LogOutputStream:75 - [STDERR_REDIRECT] Nov 21, 2024 10:33:54 PM java.util.prefs.FileSystemPreferences syncWorld
2024-11-21 22:33:54,155 [ERROR] LogOutputStream:75 - [STDERR_REDIRECT] WARNING: Couldn't flush system prefs: java.util.prefs.BackingStoreException: Couldn't get file lock.
2024-11-21 22:33:54,155 [ERROR] LogOutputStream:75 - [STDERR_REDIRECT] 
2024-11-21 22:34:24,154 [ERROR] LogOutputStream:75 - [STDERR_REDIRECT] Nov 21, 2024 10:34:24 PM java.util.prefs.FileSystemPreferences checkLockFile0ErrorCode
2024-11-21 22:34:24,155 [ERROR] LogOutputStream:75 - [STDERR_REDIRECT] WARNING: Could not lock System prefs. Unix error code 2.
2024-11-21 22:34:24,155 [ERROR] LogOutputStream:75 - [STDERR_REDIRECT] 
2024-11-21 22:34:24,155 [ERROR] LogOutputStream:75 - [STDERR_REDIRECT] Nov 21, 2024 10:34:24 PM java.util.prefs.FileSystemPreferences syncWorld
2024-11-21 22:34:24,156 [ERROR] LogOutputStream:75 - [STDERR_REDIRECT] WARNING: Couldn't flush system prefs: java.util.prefs.BackingStoreException: Couldn't get file lock.
2024-11-21 22:34:24,156 [ERROR] LogOutputStream:75 - [STDERR_REDIRECT] 
2024-11-21 22:34:54,154 [ERROR] LogOutputStream:75 - [STDERR_REDIRECT] Nov 21, 2024 10:34:54 PM java.util.prefs.FileSystemPreferences checkLockFile0ErrorCode
2024-11-21 22:34:54,155 [ERROR] LogOutputStream:75 - [STDERR_REDIRECT] WARNING: Could not lock System prefs. Unix error code 2.
2024-11-21 22:34:54,155 [ERROR] LogOutputStream:75 - [STDERR_REDIRECT] 
2024-11-21 22:34:54,155 [ERROR] LogOutputStream:75 - [STDERR_REDIRECT] Nov 21, 2024 10:34:54 PM java.util.prefs.FileSystemPreferences syncWorld
2024-11-21 22:34:54,156 [ERROR] LogOutputStream:75 - [STDERR_REDIRECT] WARNING: Couldn't flush system prefs: java.util.prefs.BackingStoreException: Couldn't get file lock.
2024-11-21 22:34:54,156 [ERROR] LogOutputStream:75 - [STDERR_REDIRECT] 
2024-11-21 22:35:24,155 [ERROR] LogOutputStream:75 - [STDERR_REDIRECT] Nov 21, 2024 10:35:24 PM java.util.prefs.FileSystemPreferences checkLockFile0ErrorCode
2024-11-21 22:35:24,155 [ERROR] LogOutputStream:75 - [STDERR_REDIRECT] WARNING: Could not lock System prefs. Unix error code 2.
2024-11-21 22:35:24,156 [ERROR] LogOutputStream:75 - [STDERR_REDIRECT] 
2024-11-21 22:35:24,156 [ERROR] LogOutputStream:75 - [STDERR_REDIRECT] Nov 21, 2024 10:35:24 PM java.util.prefs.FileSystemPreferences syncWorld
2024-11-21 22:35:24,156 [ERROR] LogOutputStream:75 - [STDERR_REDIRECT] WARNING: Couldn't flush system prefs: java.util.prefs.BackingStoreException: Couldn't get file lock.
2024-11-21 22:35:24,156 [ERROR] LogOutputStream:75 - [STDERR_REDIRECT] 
2024-11-21 22:35:54,155 [ERROR] LogOutputStream:75 - [STDERR_REDIRECT] Nov 21, 2024 10:35:54 PM java.util.prefs.FileSystemPreferences checkLockFile0ErrorCode
2024-11-21 22:35:54,155 [ERROR] LogOutputStream:75 - [STDERR_REDIRECT] WARNING: Could not lock System prefs. Unix error code 2.
2024-11-21 22:35:54,156 [ERROR] LogOutputStream:75 - [STDERR_REDIRECT] 
2024-11-21 22:35:54,156 [ERROR] LogOutputStream:75 - [STDERR_REDIRECT] Nov 21, 2024 10:35:54 PM java.util.prefs.FileSystemPreferences syncWorld
2024-11-21 22:35:54,156 [ERROR] LogOutputStream:75 - [STDERR_REDIRECT] WARNING: Couldn't flush system prefs: java.util.prefs.BackingStoreException: Couldn't get file lock.
2024-11-21 22:35:54,157 [ERROR] LogOutputStream:75 - [STDERR_REDIRECT] 
2024-11-21 22:36:24,157 [ERROR] LogOutputStream:75 - [STDERR_REDIRECT] Nov 21, 2024 10:36:24 PM java.util.prefs.FileSystemPreferences checkLockFile0ErrorCode
2024-11-21 22:36:24,157 [ERROR] LogOutputStream:75 - [STDERR_REDIRECT] WARNING: Could not lock System prefs. Unix error code 2.
2024-11-21 22:36:24,158 [ERROR] LogOutputStream:75 - [STDERR_REDIRECT] 
2024-11-21 22:36:24,159 [ERROR] LogOutputStream:75 - [STDERR_REDIRECT] Nov 21, 2024 10:36:24 PM java.util.prefs.FileSystemPreferences syncWorld
2024-11-21 22:36:24,159 [ERROR] LogOutputStream:75 - [STDERR_REDIRECT] WARNING: Couldn't flush system prefs: java.util.prefs.BackingStoreException: Couldn't get file lock.
2024-11-21 22:36:24,159 [ERROR] LogOutputStream:75 - [STDERR_REDIRECT] 
2024-11-21 22:36:54,156 [ERROR] LogOutputStream:75 - [STDERR_REDIRECT] Nov 21, 2024 10:36:54 PM java.util.prefs.FileSystemPreferences checkLockFile0ErrorCode
2024-11-21 22:36:54,156 [ERROR] LogOutputStream:75 - [STDERR_REDIRECT] WARNING: Could not lock System prefs. Unix error code 2.
2024-11-21 22:36:54,156 [ERROR] LogOutputStream:75 - [STDERR_REDIRECT] 
2024-11-21 22:36:54,157 [ERROR] LogOutputStream:75 - [STDERR_REDIRECT] Nov 21, 2024 10:36:54 PM java.util.prefs.FileSystemPreferences syncWorld
2024-11-21 22:36:54,157 [ERROR] LogOutputStream:75 - [STDERR_REDIRECT] WARNING: Couldn't flush system prefs: java.util.prefs.BackingStoreException: Couldn't get file lock.
2024-11-21 22:36:54,157 [ERROR] LogOutputStream:75 - [STDERR_REDIRECT] 
2024-11-21 22:37:24,157 [ERROR] LogOutputStream:75 - [STDERR_REDIRECT] Nov 21, 2024 10:37:24 PM java.util.prefs.FileSystemPreferences checkLockFile0ErrorCode
2024-11-21 22:37:24,158 [ERROR] LogOutputStream:75 - [STDERR_REDIRECT] WARNING: Could not lock System prefs. Unix error code 2.
2024-11-21 22:37:24,158 [ERROR] LogOutputStream:75 - [STDERR_REDIRECT] 
2024-11-21 22:37:24,159 [ERROR] LogOutputStream:75 - [STDERR_REDIRECT] Nov 21, 2024 10:37:24 PM java.util.prefs.FileSystemPreferences syncWorld
2024-11-21 22:37:24,160 [ERROR] LogOutputStream:75 - [STDERR_REDIRECT] WARNING: Couldn't flush system prefs: java.util.prefs.BackingStoreException: Couldn't get file lock.
2024-11-21 22:37:24,160 [ERROR] LogOutputStream:75 - [STDERR_REDIRECT] 
2024-11-21 22:37:54,157 [ERROR] LogOutputStream:75 - [STDERR_REDIRECT] Nov 21, 2024 10:37:54 PM java.util.prefs.FileSystemPreferences checkLockFile0ErrorCode
2024-11-21 22:37:54,158 [ERROR] LogOutputStream:75 - [STDERR_REDIRECT] WARNING: Could not lock System prefs. Unix error code 2.
2024-11-21 22:37:54,158 [ERROR] LogOutputStream:75 - [STDERR_REDIRECT] 
2024-11-21 22:37:54,159 [ERROR] LogOutputStream:75 - [STDERR_REDIRECT] Nov 21, 2024 10:37:54 PM java.util.prefs.FileSystemPreferences syncWorld
2024-11-21 22:37:54,160 [ERROR] LogOutputStream:75 - [STDERR_REDIRECT] WARNING: Couldn't flush system prefs: java.util.prefs.BackingStoreException: Couldn't get file lock.
2024-11-21 22:37:54,160 [ERROR] LogOutputStream:75 - [STDERR_REDIRECT] 
2024-11-21 22:38:24,158 [ERROR] LogOutputStream:75 - [STDERR_REDIRECT] Nov 21, 2024 10:38:24 PM java.util.prefs.FileSystemPreferences checkLockFile0ErrorCode
2024-11-21 22:38:24,159 [ERROR] LogOutputStream:75 - [STDERR_REDIRECT] WARNING: Could not lock System prefs. Unix error code 2.
2024-11-21 22:38:24,159 [ERROR] LogOutputStream:75 - [STDERR_REDIRECT] 
2024-11-21 22:38:24,160 [ERROR] LogOutputStream:75 - [STDERR_REDIRECT] Nov 21, 2024 10:38:24 PM java.util.prefs.FileSystemPreferences syncWorld
2024-11-21 22:38:24,160 [ERROR] LogOutputStream:75 - [STDERR_REDIRECT] WARNING: Couldn't flush system prefs: java.util.prefs.BackingStoreException: Couldn't get file lock.
2024-11-21 22:38:24,160 [ERROR] LogOutputStream:75 - [STDERR_REDIRECT] 
2024-11-21 22:38:54,157 [ERROR] LogOutputStream:75 - [STDERR_REDIRECT] Nov 21, 2024 10:38:54 PM java.util.prefs.FileSystemPreferences checkLockFile0ErrorCode
2024-11-21 22:38:54,157 [ERROR] LogOutputStream:75 - [STDERR_REDIRECT] WARNING: Could not lock System prefs. Unix error code 2.
2024-11-21 22:38:54,158 [ERROR] LogOutputStream:75 - [STDERR_REDIRECT] 
2024-11-21 22:38:54,158 [ERROR] LogOutputStream:75 - [STDERR_REDIRECT] Nov 21, 2024 10:38:54 PM java.util.prefs.FileSystemPreferences syncWorld
2024-11-21 22:38:54,158 [ERROR] LogOutputStream:75 - [STDERR_REDIRECT] WARNING: Couldn't flush system prefs: java.util.prefs.BackingStoreException: Couldn't get file lock.
2024-11-21 22:38:54,159 [ERROR] LogOutputStream:75 - [STDERR_REDIRECT] 
2024-11-21 22:39:24,157 [ERROR] LogOutputStream:75 - [STDERR_REDIRECT] Nov 21, 2024 10:39:24 PM java.util.prefs.FileSystemPreferences checkLockFile0ErrorCode
2024-11-21 22:39:24,157 [ERROR] LogOutputStream:75 - [STDERR_REDIRECT] WARNING: Could not lock System prefs. Unix error code 2.
2024-11-21 22:39:24,157 [ERROR] LogOutputStream:75 - [STDERR_REDIRECT] 
2024-11-21 22:39:24,158 [ERROR] LogOutputStream:75 - [STDERR_REDIRECT] Nov 21, 2024 10:39:24 PM java.util.prefs.FileSystemPreferences syncWorld
2024-11-21 22:39:24,159 [ERROR] LogOutputStream:75 - [STDERR_REDIRECT] WARNING: Couldn't flush system prefs: java.util.prefs.BackingStoreException: Couldn't get file lock.
2024-11-21 22:39:24,159 [ERROR] LogOutputStream:75 - [STDERR_REDIRECT] 
2024-11-21 22:39:54,157 [ERROR] LogOutputStream:75 - [STDERR_REDIRECT] Nov 21, 2024 10:39:54 PM java.util.prefs.FileSystemPreferences checkLockFile0ErrorCode
2024-11-21 22:39:54,157 [ERROR] LogOutputStream:75 - [STDERR_REDIRECT] WARNING: Could not lock System prefs. Unix error code 2.
2024-11-21 22:39:54,157 [ERROR] LogOutputStream:75 - [STDERR_REDIRECT] 
2024-11-21 22:39:54,157 [ERROR] LogOutputStream:75 - [STDERR_REDIRECT] Nov 21, 2024 10:39:54 PM java.util.prefs.FileSystemPreferences syncWorld
2024-11-21 22:39:54,157 [ERROR] LogOutputStream:75 - [STDERR_REDIRECT] WARNING: Couldn't flush system prefs: java.util.prefs.BackingStoreException: Couldn't get file lock.
2024-11-21 22:39:54,158 [ERROR] LogOutputStream:75 - [STDERR_REDIRECT] 
2024-11-21 22:40:24,158 [ERROR] LogOutputStream:75 - [STDERR_REDIRECT] Nov 21, 2024 10:40:24 PM java.util.prefs.FileSystemPreferences checkLockFile0ErrorCode
2024-11-21 22:40:24,158 [ERROR] LogOutputStream:75 - [STDERR_REDIRECT] WARNING: Could not lock System prefs. Unix error code 2.
2024-11-21 22:40:24,158 [ERROR] LogOutputStream:75 - [STDERR_REDIRECT] 
2024-11-21 22:40:24,159 [ERROR] LogOutputStream:75 - [STDERR_REDIRECT] Nov 21, 2024 10:40:24 PM java.util.prefs.FileSystemPreferences syncWorld
2024-11-21 22:40:24,159 [ERROR] LogOutputStream:75 - [STDERR_REDIRECT] WARNING: Couldn't flush system prefs: java.util.prefs.BackingStoreException: Couldn't get file lock.
2024-11-21 22:40:24,159 [ERROR] LogOutputStream:75 - [STDERR_REDIRECT] 
2024-11-21 22:40:54,156 [ERROR] LogOutputStream:75 - [STDERR_REDIRECT] Nov 21, 2024 10:40:54 PM java.util.prefs.FileSystemPreferences checkLockFile0ErrorCode
2024-11-21 22:40:54,157 [ERROR] LogOutputStream:75 - [STDERR_REDIRECT] WARNING: Could not lock System prefs. Unix error code 2.
2024-11-21 22:40:54,157 [ERROR] LogOutputStream:75 - [STDERR_REDIRECT] 
2024-11-21 22:40:54,157 [ERROR] LogOutputStream:75 - [STDERR_REDIRECT] Nov 21, 2024 10:40:54 PM java.util.prefs.FileSystemPreferences syncWorld
2024-11-21 22:40:54,157 [ERROR] LogOutputStream:75 - [STDERR_REDIRECT] WARNING: Couldn't flush system prefs: java.util.prefs.BackingStoreException: Couldn't get file lock.
2024-11-21 22:40:54,157 [ERROR] LogOutputStream:75 - [STDERR_REDIRECT] 
2024-11-21 22:41:24,159 [ERROR] LogOutputStream:75 - [STDERR_REDIRECT] Nov 21, 2024 10:41:24 PM java.util.prefs.FileSystemPreferences checkLockFile0ErrorCode
2024-11-21 22:41:24,159 [ERROR] LogOutputStream:75 - [STDERR_REDIRECT] WARNING: Could not lock System prefs. Unix error code 2.
2024-11-21 22:41:24,159 [ERROR] LogOutputStream:75 - [STDERR_REDIRECT] 
2024-11-21 22:41:24,160 [ERROR] LogOutputStream:75 - [STDERR_REDIRECT] Nov 21, 2024 10:41:24 PM java.util.prefs.FileSystemPreferences syncWorld
2024-11-21 22:41:24,160 [ERROR] LogOutputStream:75 - [STDERR_REDIRECT] WARNING: Couldn't flush system prefs: java.util.prefs.BackingStoreException: Couldn't get file lock.
2024-11-21 22:41:24,160 [ERROR] LogOutputStream:75 - [STDERR_REDIRECT] 
2024-11-21 22:41:54,158 [ERROR] LogOutputStream:75 - [STDERR_REDIRECT] Nov 21, 2024 10:41:54 PM java.util.prefs.FileSystemPreferences checkLockFile0ErrorCode
2024-11-21 22:41:54,158 [ERROR] LogOutputStream:75 - [STDERR_REDIRECT] WARNING: Could not lock System prefs. Unix error code 2.
2024-11-21 22:41:54,158 [ERROR] LogOutputStream:75 - [STDERR_REDIRECT] 
2024-11-21 22:41:54,159 [ERROR] LogOutputStream:75 - [STDERR_REDIRECT] Nov 21, 2024 10:41:54 PM java.util.prefs.FileSystemPreferences syncWorld
2024-11-21 22:41:54,159 [ERROR] LogOutputStream:75 - [STDERR_REDIRECT] WARNING: Couldn't flush system prefs: java.util.prefs.BackingStoreException: Couldn't get file lock.
2024-11-21 22:41:54,159 [ERROR] LogOutputStream:75 - [STDERR_REDIRECT] 
2024-11-21 22:42:24,159 [ERROR] LogOutputStream:75 - [STDERR_REDIRECT] Nov 21, 2024 10:42:24 PM java.util.prefs.FileSystemPreferences checkLockFile0ErrorCode
2024-11-21 22:42:24,160 [ERROR] LogOutputStream:75 - [STDERR_REDIRECT] WARNING: Could not lock System prefs. Unix error code 2.
2024-11-21 22:42:24,160 [ERROR] LogOutputStream:75 - [STDERR_REDIRECT] 
2024-11-21 22:42:24,161 [ERROR] LogOutputStream:75 - [STDERR_REDIRECT] Nov 21, 2024 10:42:24 PM java.util.prefs.FileSystemPreferences syncWorld
2024-11-21 22:42:24,162 [ERROR] LogOutputStream:75 - [STDERR_REDIRECT] WARNING: Couldn't flush system prefs: java.util.prefs.BackingStoreException: Couldn't get file lock.
2024-11-21 22:42:24,163 [ERROR] LogOutputStream:75 - [STDERR_REDIRECT] 
2024-11-21 22:42:54,160 [ERROR] LogOutputStream:75 - [STDERR_REDIRECT] Nov 21, 2024 10:42:54 PM java.util.prefs.FileSystemPreferences checkLockFile0ErrorCode
2024-11-21 22:42:54,161 [ERROR] LogOutputStream:75 - [STDERR_REDIRECT] WARNING: Could not lock System prefs. Unix error code 2.
2024-11-21 22:42:54,162 [ERROR] LogOutputStream:75 - [STDERR_REDIRECT] 
2024-11-21 22:42:54,163 [ERROR] LogOutputStream:75 - [STDERR_REDIRECT] Nov 21, 2024 10:42:54 PM java.util.prefs.FileSystemPreferences syncWorld
2024-11-21 22:42:54,163 [ERROR] LogOutputStream:75 - [STDERR_REDIRECT] WARNING: Couldn't flush system prefs: java.util.prefs.BackingStoreException: Couldn't get file lock.
2024-11-21 22:42:54,164 [ERROR] LogOutputStream:75 - [STDERR_REDIRECT] 
2024-11-21 22:43:24,159 [ERROR] LogOutputStream:75 - [STDERR_REDIRECT] Nov 21, 2024 10:43:24 PM java.util.prefs.FileSystemPreferences checkLockFile0ErrorCode
2024-11-21 22:43:24,160 [ERROR] LogOutputStream:75 - [STDERR_REDIRECT] WARNING: Could not lock System prefs. Unix error code 2.
2024-11-21 22:43:24,160 [ERROR] LogOutputStream:75 - [STDERR_REDIRECT] 
2024-11-21 22:43:24,161 [ERROR] LogOutputStream:75 - [STDERR_REDIRECT] Nov 21, 2024 10:43:24 PM java.util.prefs.FileSystemPreferences syncWorld
2024-11-21 22:43:24,162 [ERROR] LogOutputStream:75 - [STDERR_REDIRECT] WARNING: Couldn't flush system prefs: java.util.prefs.BackingStoreException: Couldn't get file lock.
2024-11-21 22:43:24,163 [ERROR] LogOutputStream:75 - [STDERR_REDIRECT] 
2024-11-21 22:43:54,157 [ERROR] LogOutputStream:75 - [STDERR_REDIRECT] Nov 21, 2024 10:43:54 PM java.util.prefs.FileSystemPreferences checkLockFile0ErrorCode
2024-11-21 22:43:54,157 [ERROR] LogOutputStream:75 - [STDERR_REDIRECT] WARNING: Could not lock System prefs. Unix error code 2.
2024-11-21 22:43:54,157 [ERROR] LogOutputStream:75 - [STDERR_REDIRECT] 
2024-11-21 22:43:54,158 [ERROR] LogOutputStream:75 - [STDERR_REDIRECT] Nov 21, 2024 10:43:54 PM java.util.prefs.FileSystemPreferences syncWorld
2024-11-21 22:43:54,158 [ERROR] LogOutputStream:75 - [STDERR_REDIRECT] WARNING: Couldn't flush system prefs: java.util.prefs.BackingStoreException: Couldn't get file lock.
2024-11-21 22:43:54,158 [ERROR] LogOutputStream:75 - [STDERR_REDIRECT] 
2024-11-21 22:44:24,159 [ERROR] LogOutputStream:75 - [STDERR_REDIRECT] Nov 21, 2024 10:44:24 PM java.util.prefs.FileSystemPreferences checkLockFile0ErrorCode
2024-11-21 22:44:24,159 [ERROR] LogOutputStream:75 - [STDERR_REDIRECT] WARNING: Could not lock System prefs. Unix error code 2.
2024-11-21 22:44:24,159 [ERROR] LogOutputStream:75 - [STDERR_REDIRECT] 
2024-11-21 22:44:24,161 [ERROR] LogOutputStream:75 - [STDERR_REDIRECT] Nov 21, 2024 10:44:24 PM java.util.prefs.FileSystemPreferences syncWorld
2024-11-21 22:44:24,162 [ERROR] LogOutputStream:75 - [STDERR_REDIRECT] WARNING: Couldn't flush system prefs: java.util.prefs.BackingStoreException: Couldn't get file lock.
2024-11-21 22:44:24,163 [ERROR] LogOutputStream:75 - [STDERR_REDIRECT] 
2024-11-21 22:44:54,158 [ERROR] LogOutputStream:75 - [STDERR_REDIRECT] Nov 21, 2024 10:44:54 PM java.util.prefs.FileSystemPreferences checkLockFile0ErrorCode
2024-11-21 22:44:54,158 [ERROR] LogOutputStream:75 - [STDERR_REDIRECT] WARNING: Could not lock System prefs. Unix error code 2.
2024-11-21 22:44:54,158 [ERROR] LogOutputStream:75 - [STDERR_REDIRECT] 
2024-11-21 22:44:54,159 [ERROR] LogOutputStream:75 - [STDERR_REDIRECT] Nov 21, 2024 10:44:54 PM java.util.prefs.FileSystemPreferences syncWorld
2024-11-21 22:44:54,159 [ERROR] LogOutputStream:75 - [STDERR_REDIRECT] WARNING: Couldn't flush system prefs: java.util.prefs.BackingStoreException: Couldn't get file lock.
2024-11-21 22:44:54,159 [ERROR] LogOutputStream:75 - [STDERR_REDIRECT] 
2024-11-21 22:45:24,163 [ERROR] LogOutputStream:75 - [STDERR_REDIRECT] Nov 21, 2024 10:45:24 PM java.util.prefs.FileSystemPreferences checkLockFile0ErrorCode
2024-11-21 22:45:24,164 [ERROR] LogOutputStream:75 - [STDERR_REDIRECT] WARNING: Could not lock System prefs. Unix error code 2.
2024-11-21 22:45:24,165 [ERROR] LogOutputStream:75 - [STDERR_REDIRECT] 
2024-11-21 22:45:24,169 [ERROR] LogOutputStream:75 - [STDERR_REDIRECT] Nov 21, 2024 10:45:24 PM java.util.prefs.FileSystemPreferences syncWorld
2024-11-21 22:45:24,170 [ERROR] LogOutputStream:75 - [STDERR_REDIRECT] WARNING: Couldn't flush system prefs: java.util.prefs.BackingStoreException: Couldn't get file lock.
2024-11-21 22:45:24,171 [ERROR] LogOutputStream:75 - [STDERR_REDIRECT] 
2024-11-21 22:45:54,159 [ERROR] LogOutputStream:75 - [STDERR_REDIRECT] Nov 21, 2024 10:45:54 PM java.util.prefs.FileSystemPreferences checkLockFile0ErrorCode
2024-11-21 22:45:54,160 [ERROR] LogOutputStream:75 - [STDERR_REDIRECT] WARNING: Could not lock System prefs. Unix error code 2.
2024-11-21 22:45:54,160 [ERROR] LogOutputStream:75 - [STDERR_REDIRECT] 
2024-11-21 22:45:54,161 [ERROR] LogOutputStream:75 - [STDERR_REDIRECT] Nov 21, 2024 10:45:54 PM java.util.prefs.FileSystemPreferences syncWorld
2024-11-21 22:45:54,161 [ERROR] LogOutputStream:75 - [STDERR_REDIRECT] WARNING: Couldn't flush system prefs: java.util.prefs.BackingStoreException: Couldn't get file lock.
2024-11-21 22:45:54,161 [ERROR] LogOutputStream:75 - [STDERR_REDIRECT] 
2024-11-21 22:46:24,159 [ERROR] LogOutputStream:75 - [STDERR_REDIRECT] Nov 21, 2024 10:46:24 PM java.util.prefs.FileSystemPreferences checkLockFile0ErrorCode
2024-11-21 22:46:24,160 [ERROR] LogOutputStream:75 - [STDERR_REDIRECT] WARNING: Could not lock System prefs. Unix error code 2.
2024-11-21 22:46:24,161 [ERROR] LogOutputStream:75 - [STDERR_REDIRECT] 
2024-11-21 22:46:24,162 [ERROR] LogOutputStream:75 - [STDERR_REDIRECT] Nov 21, 2024 10:46:24 PM java.util.prefs.FileSystemPreferences syncWorld
2024-11-21 22:46:24,162 [ERROR] LogOutputStream:75 - [STDERR_REDIRECT] WARNING: Couldn't flush system prefs: java.util.prefs.BackingStoreException: Couldn't get file lock.
2024-11-21 22:46:24,163 [ERROR] LogOutputStream:75 - [STDERR_REDIRECT] 
2024-11-21 22:46:54,160 [ERROR] LogOutputStream:75 - [STDERR_REDIRECT] Nov 21, 2024 10:46:54 PM java.util.prefs.FileSystemPreferences checkLockFile0ErrorCode
2024-11-21 22:46:54,161 [ERROR] LogOutputStream:75 - [STDERR_REDIRECT] WARNING: Could not lock System prefs. Unix error code 2.
2024-11-21 22:46:54,162 [ERROR] LogOutputStream:75 - [STDERR_REDIRECT] 
2024-11-21 22:46:54,164 [ERROR] LogOutputStream:75 - [STDERR_REDIRECT] Nov 21, 2024 10:46:54 PM java.util.prefs.FileSystemPreferences syncWorld
2024-11-21 22:46:54,165 [ERROR] LogOutputStream:75 - [STDERR_REDIRECT] WARNING: Couldn't flush system prefs: java.util.prefs.BackingStoreException: Couldn't get file lock.
2024-11-21 22:46:54,166 [ERROR] LogOutputStream:75 - [STDERR_REDIRECT] 
2024-11-21 22:47:24,159 [ERROR] LogOutputStream:75 - [STDERR_REDIRECT] Nov 21, 2024 10:47:24 PM java.util.prefs.FileSystemPreferences checkLockFile0ErrorCode
2024-11-21 22:47:24,160 [ERROR] LogOutputStream:75 - [STDERR_REDIRECT] WARNING: Could not lock System prefs. Unix error code 2.
2024-11-21 22:47:24,160 [ERROR] LogOutputStream:75 - [STDERR_REDIRECT] 
2024-11-21 22:47:24,161 [ERROR] LogOutputStream:75 - [STDERR_REDIRECT] Nov 21, 2024 10:47:24 PM java.util.prefs.FileSystemPreferences syncWorld
2024-11-21 22:47:24,161 [ERROR] LogOutputStream:75 - [STDERR_REDIRECT] WARNING: Couldn't flush system prefs: java.util.prefs.BackingStoreException: Couldn't get file lock.
2024-11-21 22:47:24,161 [ERROR] LogOutputStream:75 - [STDERR_REDIRECT] 
2024-11-21 22:47:54,159 [ERROR] LogOutputStream:75 - [STDERR_REDIRECT] Nov 21, 2024 10:47:54 PM java.util.prefs.FileSystemPreferences checkLockFile0ErrorCode
2024-11-21 22:47:54,159 [ERROR] LogOutputStream:75 - [STDERR_REDIRECT] WARNING: Could not lock System prefs. Unix error code 2.
2024-11-21 22:47:54,159 [ERROR] LogOutputStream:75 - [STDERR_REDIRECT] 
2024-11-21 22:47:54,160 [ERROR] LogOutputStream:75 - [STDERR_REDIRECT] Nov 21, 2024 10:47:54 PM java.util.prefs.FileSystemPreferences syncWorld
2024-11-21 22:47:54,160 [ERROR] LogOutputStream:75 - [STDERR_REDIRECT] WARNING: Couldn't flush system prefs: java.util.prefs.BackingStoreException: Couldn't get file lock.
2024-11-21 22:47:54,160 [ERROR] LogOutputStream:75 - [STDERR_REDIRECT] 
2024-11-21 22:48:24,951 [ERROR] LogOutputStream:75 - [STDERR_REDIRECT] Nov 21, 2024 10:48:24 PM java.util.prefs.FileSystemPreferences checkLockFile0ErrorCode
2024-11-21 22:48:24,951 [ERROR] LogOutputStream:75 - [STDERR_REDIRECT] WARNING: Could not lock System prefs. Unix error code 2.
2024-11-21 22:48:24,952 [ERROR] LogOutputStream:75 - [STDERR_REDIRECT] 
2024-11-21 22:48:24,952 [ERROR] LogOutputStream:75 - [STDERR_REDIRECT] Nov 21, 2024 10:48:24 PM java.util.prefs.FileSystemPreferences syncWorld
2024-11-21 22:48:24,953 [ERROR] LogOutputStream:75 - [STDERR_REDIRECT] WARNING: Couldn't flush system prefs: java.util.prefs.BackingStoreException: Couldn't get file lock.
2024-11-21 22:48:24,953 [ERROR] LogOutputStream:75 - [STDERR_REDIRECT] 
2024-11-21 22:48:54,954 [ERROR] LogOutputStream:75 - [STDERR_REDIRECT] Nov 21, 2024 10:48:54 PM java.util.prefs.FileSystemPreferences checkLockFile0ErrorCode
2024-11-21 22:48:54,955 [ERROR] LogOutputStream:75 - [STDERR_REDIRECT] WARNING: Could not lock System prefs. Unix error code 2.
2024-11-21 22:48:54,955 [ERROR] LogOutputStream:75 - [STDERR_REDIRECT] 
2024-11-21 22:48:54,956 [ERROR] LogOutputStream:75 - [STDERR_REDIRECT] Nov 21, 2024 10:48:54 PM java.util.prefs.FileSystemPreferences syncWorld
2024-11-21 22:48:54,956 [ERROR] LogOutputStream:75 - [STDERR_REDIRECT] WARNING: Couldn't flush system prefs: java.util.prefs.BackingStoreException: Couldn't get file lock.
2024-11-21 22:48:54,956 [ERROR] LogOutputStream:75 - [STDERR_REDIRECT] 
2024-11-21 22:49:24,955 [ERROR] LogOutputStream:75 - [STDERR_REDIRECT] Nov 21, 2024 10:49:24 PM java.util.prefs.FileSystemPreferences checkLockFile0ErrorCode
2024-11-21 22:49:24,956 [ERROR] LogOutputStream:75 - [STDERR_REDIRECT] WARNING: Could not lock System prefs. Unix error code 2.
2024-11-21 22:49:24,956 [ERROR] LogOutputStream:75 - [STDERR_REDIRECT] 
2024-11-21 22:49:24,956 [ERROR] LogOutputStream:75 - [STDERR_REDIRECT] Nov 21, 2024 10:49:24 PM java.util.prefs.FileSystemPreferences syncWorld
2024-11-21 22:49:24,956 [ERROR] LogOutputStream:75 - [STDERR_REDIRECT] WARNING: Couldn't flush system prefs: java.util.prefs.BackingStoreException: Couldn't get file lock.
2024-11-21 22:49:24,956 [ERROR] LogOutputStream:75 - [STDERR_REDIRECT] 
2024-11-21 22:49:54,959 [ERROR] LogOutputStream:75 - [STDERR_REDIRECT] Nov 21, 2024 10:49:54 PM java.util.prefs.FileSystemPreferences checkLockFile0ErrorCode
2024-11-21 22:49:54,960 [ERROR] LogOutputStream:75 - [STDERR_REDIRECT] WARNING: Could not lock System prefs. Unix error code 2.
2024-11-21 22:49:54,960 [ERROR] LogOutputStream:75 - [STDERR_REDIRECT] 
2024-11-21 22:49:54,960 [ERROR] LogOutputStream:75 - [STDERR_REDIRECT] Nov 21, 2024 10:49:54 PM java.util.prefs.FileSystemPreferences syncWorld
2024-11-21 22:49:54,960 [ERROR] LogOutputStream:75 - [STDERR_REDIRECT] WARNING: Couldn't flush system prefs: java.util.prefs.BackingStoreException: Couldn't get file lock.
2024-11-21 22:49:54,960 [ERROR] LogOutputStream:75 - [STDERR_REDIRECT] 
2024-11-21 22:50:24,953 [ERROR] LogOutputStream:75 - [STDERR_REDIRECT] Nov 21, 2024 10:50:24 PM java.util.prefs.FileSystemPreferences checkLockFile0ErrorCode
2024-11-21 22:50:24,954 [ERROR] LogOutputStream:75 - [STDERR_REDIRECT] WARNING: Could not lock System prefs. Unix error code 2.
2024-11-21 22:50:24,954 [ERROR] LogOutputStream:75 - [STDERR_REDIRECT] 
2024-11-21 22:50:24,954 [ERROR] LogOutputStream:75 - [STDERR_REDIRECT] Nov 21, 2024 10:50:24 PM java.util.prefs.FileSystemPreferences syncWorld
2024-11-21 22:50:24,955 [ERROR] LogOutputStream:75 - [STDERR_REDIRECT] WARNING: Couldn't flush system prefs: java.util.prefs.BackingStoreException: Couldn't get file lock.
2024-11-21 22:50:24,955 [ERROR] LogOutputStream:75 - [STDERR_REDIRECT] 
2024-11-21 22:50:54,953 [ERROR] LogOutputStream:75 - [STDERR_REDIRECT] Nov 21, 2024 10:50:54 PM java.util.prefs.FileSystemPreferences checkLockFile0ErrorCode
2024-11-21 22:50:54,953 [ERROR] LogOutputStream:75 - [STDERR_REDIRECT] WARNING: Could not lock System prefs. Unix error code 2.
2024-11-21 22:50:54,954 [ERROR] LogOutputStream:75 - [STDERR_REDIRECT] 
2024-11-21 22:50:54,954 [ERROR] LogOutputStream:75 - [STDERR_REDIRECT] Nov 21, 2024 10:50:54 PM java.util.prefs.FileSystemPreferences syncWorld
2024-11-21 22:50:54,954 [ERROR] LogOutputStream:75 - [STDERR_REDIRECT] WARNING: Couldn't flush system prefs: java.util.prefs.BackingStoreException: Couldn't get file lock.
2024-11-21 22:50:54,955 [ERROR] LogOutputStream:75 - [STDERR_REDIRECT] 
2024-11-21 22:51:24,953 [ERROR] LogOutputStream:75 - [STDERR_REDIRECT] Nov 21, 2024 10:51:24 PM java.util.prefs.FileSystemPreferences checkLockFile0ErrorCode
2024-11-21 22:51:24,953 [ERROR] LogOutputStream:75 - [STDERR_REDIRECT] WARNING: Could not lock System prefs. Unix error code 2.
2024-11-21 22:51:24,954 [ERROR] LogOutputStream:75 - [STDERR_REDIRECT] 
2024-11-21 22:51:24,954 [ERROR] LogOutputStream:75 - [STDERR_REDIRECT] Nov 21, 2024 10:51:24 PM java.util.prefs.FileSystemPreferences syncWorld
2024-11-21 22:51:24,955 [ERROR] LogOutputStream:75 - [STDERR_REDIRECT] WARNING: Couldn't flush system prefs: java.util.prefs.BackingStoreException: Couldn't get file lock.
2024-11-21 22:51:24,955 [ERROR] LogOutputStream:75 - [STDERR_REDIRECT] 
2024-11-21 22:51:54,953 [ERROR] LogOutputStream:75 - [STDERR_REDIRECT] Nov 21, 2024 10:51:54 PM java.util.prefs.FileSystemPreferences checkLockFile0ErrorCode
2024-11-21 22:51:54,953 [ERROR] LogOutputStream:75 - [STDERR_REDIRECT] WARNING: Could not lock System prefs. Unix error code 2.
2024-11-21 22:51:54,953 [ERROR] LogOutputStream:75 - [STDERR_REDIRECT] 
2024-11-21 22:51:54,953 [ERROR] LogOutputStream:75 - [STDERR_REDIRECT] Nov 21, 2024 10:51:54 PM java.util.prefs.FileSystemPreferences syncWorld
2024-11-21 22:51:54,953 [ERROR] LogOutputStream:75 - [STDERR_REDIRECT] WARNING: Couldn't flush system prefs: java.util.prefs.BackingStoreException: Couldn't get file lock.
2024-11-21 22:51:54,953 [ERROR] LogOutputStream:75 - [STDERR_REDIRECT] 
2024-11-21 22:52:24,954 [ERROR] LogOutputStream:75 - [STDERR_REDIRECT] Nov 21, 2024 10:52:24 PM java.util.prefs.FileSystemPreferences checkLockFile0ErrorCode
2024-11-21 22:52:24,954 [ERROR] LogOutputStream:75 - [STDERR_REDIRECT] WARNING: Could not lock System prefs. Unix error code 2.
2024-11-21 22:52:24,955 [ERROR] LogOutputStream:75 - [STDERR_REDIRECT] 
2024-11-21 22:52:24,956 [ERROR] LogOutputStream:75 - [STDERR_REDIRECT] Nov 21, 2024 10:52:24 PM java.util.prefs.FileSystemPreferences syncWorld
2024-11-21 22:52:24,956 [ERROR] LogOutputStream:75 - [STDERR_REDIRECT] WARNING: Couldn't flush system prefs: java.util.prefs.BackingStoreException: Couldn't get file lock.
2024-11-21 22:52:24,957 [ERROR] LogOutputStream:75 - [STDERR_REDIRECT] 
2024-11-21 22:52:54,956 [ERROR] LogOutputStream:75 - [STDERR_REDIRECT] Nov 21, 2024 10:52:54 PM java.util.prefs.FileSystemPreferences checkLockFile0ErrorCode
2024-11-21 22:52:54,957 [ERROR] LogOutputStream:75 - [STDERR_REDIRECT] WARNING: Could not lock System prefs. Unix error code 2.
2024-11-21 22:52:54,957 [ERROR] LogOutputStream:75 - [STDERR_REDIRECT] 
2024-11-21 22:52:54,958 [ERROR] LogOutputStream:75 - [STDERR_REDIRECT] Nov 21, 2024 10:52:54 PM java.util.prefs.FileSystemPreferences syncWorld
2024-11-21 22:52:54,958 [ERROR] LogOutputStream:75 - [STDERR_REDIRECT] WARNING: Couldn't flush system prefs: java.util.prefs.BackingStoreException: Couldn't get file lock.
2024-11-21 22:52:54,958 [ERROR] LogOutputStream:75 - [STDERR_REDIRECT] 
2024-11-21 22:53:24,954 [ERROR] LogOutputStream:75 - [STDERR_REDIRECT] Nov 21, 2024 10:53:24 PM java.util.prefs.FileSystemPreferences checkLockFile0ErrorCode
2024-11-21 22:53:24,954 [ERROR] LogOutputStream:75 - [STDERR_REDIRECT] WARNING: Could not lock System prefs. Unix error code 2.
2024-11-21 22:53:24,954 [ERROR] LogOutputStream:75 - [STDERR_REDIRECT] 
2024-11-21 22:53:24,954 [ERROR] LogOutputStream:75 - [STDERR_REDIRECT] Nov 21, 2024 10:53:24 PM java.util.prefs.FileSystemPreferences syncWorld
2024-11-21 22:53:24,955 [ERROR] LogOutputStream:75 - [STDERR_REDIRECT] WARNING: Couldn't flush system prefs: java.util.prefs.BackingStoreException: Couldn't get file lock.
2024-11-21 22:53:24,955 [ERROR] LogOutputStream:75 - [STDERR_REDIRECT] 
2024-11-21 22:53:54,959 [ERROR] LogOutputStream:75 - [STDERR_REDIRECT] Nov 21, 2024 10:53:54 PM java.util.prefs.FileSystemPreferences checkLockFile0ErrorCode
2024-11-21 22:53:54,960 [ERROR] LogOutputStream:75 - [STDERR_REDIRECT] WARNING: Could not lock System prefs. Unix error code 2.
2024-11-21 22:53:54,961 [ERROR] LogOutputStream:75 - [STDERR_REDIRECT] 
2024-11-21 22:53:54,966 [ERROR] LogOutputStream:75 - [STDERR_REDIRECT] Nov 21, 2024 10:53:54 PM java.util.prefs.FileSystemPreferences syncWorld
2024-11-21 22:53:54,971 [ERROR] LogOutputStream:75 - [STDERR_REDIRECT] WARNING: Couldn't flush system prefs: java.util.prefs.BackingStoreException: Couldn't get file lock.
2024-11-21 22:53:54,971 [ERROR] LogOutputStream:75 - [STDERR_REDIRECT] 
2024-11-21 22:54:24,954 [ERROR] LogOutputStream:75 - [STDERR_REDIRECT] Nov 21, 2024 10:54:24 PM java.util.prefs.FileSystemPreferences checkLockFile0ErrorCode
2024-11-21 22:54:24,955 [ERROR] LogOutputStream:75 - [STDERR_REDIRECT] WARNING: Could not lock System prefs. Unix error code 2.
2024-11-21 22:54:24,955 [ERROR] LogOutputStream:75 - [STDERR_REDIRECT] 
2024-11-21 22:54:24,956 [ERROR] LogOutputStream:75 - [STDERR_REDIRECT] Nov 21, 2024 10:54:24 PM java.util.prefs.FileSystemPreferences syncWorld
2024-11-21 22:54:24,957 [ERROR] LogOutputStream:75 - [STDERR_REDIRECT] WARNING: Couldn't flush system prefs: java.util.prefs.BackingStoreException: Couldn't get file lock.
2024-11-21 22:54:24,957 [ERROR] LogOutputStream:75 - [STDERR_REDIRECT] 
2024-11-21 22:54:54,952 [ERROR] LogOutputStream:75 - [STDERR_REDIRECT] Nov 21, 2024 10:54:54 PM java.util.prefs.FileSystemPreferences checkLockFile0ErrorCode
2024-11-21 22:54:54,952 [ERROR] LogOutputStream:75 - [STDERR_REDIRECT] WARNING: Could not lock System prefs. Unix error code 2.
2024-11-21 22:54:54,953 [ERROR] LogOutputStream:75 - [STDERR_REDIRECT] 
2024-11-21 22:54:54,953 [ERROR] LogOutputStream:75 - [STDERR_REDIRECT] Nov 21, 2024 10:54:54 PM java.util.prefs.FileSystemPreferences syncWorld
2024-11-21 22:54:54,954 [ERROR] LogOutputStream:75 - [STDERR_REDIRECT] WARNING: Couldn't flush system prefs: java.util.prefs.BackingStoreException: Couldn't get file lock.
2024-11-21 22:54:54,954 [ERROR] LogOutputStream:75 - [STDERR_REDIRECT] 
2024-11-21 22:55:24,956 [ERROR] LogOutputStream:75 - [STDERR_REDIRECT] Nov 21, 2024 10:55:24 PM java.util.prefs.FileSystemPreferences checkLockFile0ErrorCode
2024-11-21 22:55:24,956 [ERROR] LogOutputStream:75 - [STDERR_REDIRECT] WARNING: Could not lock System prefs. Unix error code 2.
2024-11-21 22:55:24,956 [ERROR] LogOutputStream:75 - [STDERR_REDIRECT] 
2024-11-21 22:55:24,957 [ERROR] LogOutputStream:75 - [STDERR_REDIRECT] Nov 21, 2024 10:55:24 PM java.util.prefs.FileSystemPreferences syncWorld
2024-11-21 22:55:24,957 [ERROR] LogOutputStream:75 - [STDERR_REDIRECT] WARNING: Couldn't flush system prefs: java.util.prefs.BackingStoreException: Couldn't get file lock.
2024-11-21 22:55:24,958 [ERROR] LogOutputStream:75 - [STDERR_REDIRECT] 
2024-11-21 22:55:54,956 [ERROR] LogOutputStream:75 - [STDERR_REDIRECT] Nov 21, 2024 10:55:54 PM java.util.prefs.FileSystemPreferences checkLockFile0ErrorCode
2024-11-21 22:55:54,957 [ERROR] LogOutputStream:75 - [STDERR_REDIRECT] WARNING: Could not lock System prefs. Unix error code 2.
2024-11-21 22:55:54,958 [ERROR] LogOutputStream:75 - [STDERR_REDIRECT] 
2024-11-21 22:55:54,963 [ERROR] LogOutputStream:75 - [STDERR_REDIRECT] Nov 21, 2024 10:55:54 PM java.util.prefs.FileSystemPreferences syncWorld
2024-11-21 22:55:54,964 [ERROR] LogOutputStream:75 - [STDERR_REDIRECT] WARNING: Couldn't flush system prefs: java.util.prefs.BackingStoreException: Couldn't get file lock.
2024-11-21 22:55:54,964 [ERROR] LogOutputStream:75 - [STDERR_REDIRECT] 
2024-11-21 22:56:24,953 [ERROR] LogOutputStream:75 - [STDERR_REDIRECT] Nov 21, 2024 10:56:24 PM java.util.prefs.FileSystemPreferences checkLockFile0ErrorCode
2024-11-21 22:56:24,954 [ERROR] LogOutputStream:75 - [STDERR_REDIRECT] WARNING: Could not lock System prefs. Unix error code 2.
2024-11-21 22:56:24,954 [ERROR] LogOutputStream:75 - [STDERR_REDIRECT] 
2024-11-21 22:56:24,954 [ERROR] LogOutputStream:75 - [STDERR_REDIRECT] Nov 21, 2024 10:56:24 PM java.util.prefs.FileSystemPreferences syncWorld
2024-11-21 22:56:24,954 [ERROR] LogOutputStream:75 - [STDERR_REDIRECT] WARNING: Couldn't flush system prefs: java.util.prefs.BackingStoreException: Couldn't get file lock.
2024-11-21 22:56:24,954 [ERROR] LogOutputStream:75 - [STDERR_REDIRECT] 
2024-11-21 22:56:54,954 [ERROR] LogOutputStream:75 - [STDERR_REDIRECT] Nov 21, 2024 10:56:54 PM java.util.prefs.FileSystemPreferences checkLockFile0ErrorCode
2024-11-21 22:56:54,955 [ERROR] LogOutputStream:75 - [STDERR_REDIRECT] WARNING: Could not lock System prefs. Unix error code 2.
2024-11-21 22:56:54,955 [ERROR] LogOutputStream:75 - [STDERR_REDIRECT] 
2024-11-21 22:56:54,956 [ERROR] LogOutputStream:75 - [STDERR_REDIRECT] Nov 21, 2024 10:56:54 PM java.util.prefs.FileSystemPreferences syncWorld
2024-11-21 22:56:54,956 [ERROR] LogOutputStream:75 - [STDERR_REDIRECT] WARNING: Couldn't flush system prefs: java.util.prefs.BackingStoreException: Couldn't get file lock.
2024-11-21 22:56:54,957 [ERROR] LogOutputStream:75 - [STDERR_REDIRECT] 
2024-11-21 22:57:24,955 [ERROR] LogOutputStream:75 - [STDERR_REDIRECT] Nov 21, 2024 10:57:24 PM java.util.prefs.FileSystemPreferences checkLockFile0ErrorCode
2024-11-21 22:57:24,955 [ERROR] LogOutputStream:75 - [STDERR_REDIRECT] WARNING: Could not lock System prefs. Unix error code 2.
2024-11-21 22:57:24,955 [ERROR] LogOutputStream:75 - [STDERR_REDIRECT] 
2024-11-21 22:57:24,956 [ERROR] LogOutputStream:75 - [STDERR_REDIRECT] Nov 21, 2024 10:57:24 PM java.util.prefs.FileSystemPreferences syncWorld
2024-11-21 22:57:24,956 [ERROR] LogOutputStream:75 - [STDERR_REDIRECT] WARNING: Couldn't flush system prefs: java.util.prefs.BackingStoreException: Couldn't get file lock.
2024-11-21 22:57:24,956 [ERROR] LogOutputStream:75 - [STDERR_REDIRECT] 
2024-11-21 22:57:54,954 [ERROR] LogOutputStream:75 - [STDERR_REDIRECT] Nov 21, 2024 10:57:54 PM java.util.prefs.FileSystemPreferences checkLockFile0ErrorCode
2024-11-21 22:57:54,955 [ERROR] LogOutputStream:75 - [STDERR_REDIRECT] WARNING: Could not lock System prefs. Unix error code 2.
2024-11-21 22:57:54,955 [ERROR] LogOutputStream:75 - [STDERR_REDIRECT] 
2024-11-21 22:57:54,955 [ERROR] LogOutputStream:75 - [STDERR_REDIRECT] Nov 21, 2024 10:57:54 PM java.util.prefs.FileSystemPreferences syncWorld
2024-11-21 22:57:54,956 [ERROR] LogOutputStream:75 - [STDERR_REDIRECT] WARNING: Couldn't flush system prefs: java.util.prefs.BackingStoreException: Couldn't get file lock.
2024-11-21 22:57:54,956 [ERROR] LogOutputStream:75 - [STDERR_REDIRECT] 
2024-11-21 22:58:24,953 [ERROR] LogOutputStream:75 - [STDERR_REDIRECT] Nov 21, 2024 10:58:24 PM java.util.prefs.FileSystemPreferences checkLockFile0ErrorCode
2024-11-21 22:58:24,953 [ERROR] LogOutputStream:75 - [STDERR_REDIRECT] WARNING: Could not lock System prefs. Unix error code 2.
2024-11-21 22:58:24,954 [ERROR] LogOutputStream:75 - [STDERR_REDIRECT] 
2024-11-21 22:58:24,954 [ERROR] LogOutputStream:75 - [STDERR_REDIRECT] Nov 21, 2024 10:58:24 PM java.util.prefs.FileSystemPreferences syncWorld
2024-11-21 22:58:24,954 [ERROR] LogOutputStream:75 - [STDERR_REDIRECT] WARNING: Couldn't flush system prefs: java.util.prefs.BackingStoreException: Couldn't get file lock.
2024-11-21 22:58:24,954 [ERROR] LogOutputStream:75 - [STDERR_REDIRECT] 
2024-11-21 22:58:54,952 [ERROR] LogOutputStream:75 - [STDERR_REDIRECT] Nov 21, 2024 10:58:54 PM java.util.prefs.FileSystemPreferences checkLockFile0ErrorCode
2024-11-21 22:58:54,952 [ERROR] LogOutputStream:75 - [STDERR_REDIRECT] WARNING: Could not lock System prefs. Unix error code 2.
2024-11-21 22:58:54,953 [ERROR] LogOutputStream:75 - [STDERR_REDIRECT] 
2024-11-21 22:58:54,953 [ERROR] LogOutputStream:75 - [STDERR_REDIRECT] Nov 21, 2024 10:58:54 PM java.util.prefs.FileSystemPreferences syncWorld
2024-11-21 22:58:54,953 [ERROR] LogOutputStream:75 - [STDERR_REDIRECT] WARNING: Couldn't flush system prefs: java.util.prefs.BackingStoreException: Couldn't get file lock.
2024-11-21 22:58:54,953 [ERROR] LogOutputStream:75 - [STDERR_REDIRECT] 
2024-11-21 22:59:24,954 [ERROR] LogOutputStream:75 - [STDERR_REDIRECT] Nov 21, 2024 10:59:24 PM java.util.prefs.FileSystemPreferences checkLockFile0ErrorCode
2024-11-21 22:59:24,954 [ERROR] LogOutputStream:75 - [STDERR_REDIRECT] WARNING: Could not lock System prefs. Unix error code 2.
2024-11-21 22:59:24,955 [ERROR] LogOutputStream:75 - [STDERR_REDIRECT] 
2024-11-21 22:59:24,956 [ERROR] LogOutputStream:75 - [STDERR_REDIRECT] Nov 21, 2024 10:59:24 PM java.util.prefs.FileSystemPreferences syncWorld
2024-11-21 22:59:24,956 [ERROR] LogOutputStream:75 - [STDERR_REDIRECT] WARNING: Couldn't flush system prefs: java.util.prefs.BackingStoreException: Couldn't get file lock.
2024-11-21 22:59:24,956 [ERROR] LogOutputStream:75 - [STDERR_REDIRECT] 
2024-11-21 22:59:54,954 [ERROR] LogOutputStream:75 - [STDERR_REDIRECT] Nov 21, 2024 10:59:54 PM java.util.prefs.FileSystemPreferences checkLockFile0ErrorCode
2024-11-21 22:59:54,954 [ERROR] LogOutputStream:75 - [STDERR_REDIRECT] WARNING: Could not lock System prefs. Unix error code 2.
2024-11-21 22:59:54,955 [ERROR] LogOutputStream:75 - [STDERR_REDIRECT] 
2024-11-21 22:59:54,956 [ERROR] LogOutputStream:75 - [STDERR_REDIRECT] Nov 21, 2024 10:59:54 PM java.util.prefs.FileSystemPreferences syncWorld
2024-11-21 22:59:54,957 [ERROR] LogOutputStream:75 - [STDERR_REDIRECT] WARNING: Couldn't flush system prefs: java.util.prefs.BackingStoreException: Couldn't get file lock.
2024-11-21 22:59:54,957 [ERROR] LogOutputStream:75 - [STDERR_REDIRECT] 
2024-11-21 23:00:24,953 [ERROR] LogOutputStream:75 - [STDERR_REDIRECT] Nov 21, 2024 11:00:24 PM java.util.prefs.FileSystemPreferences checkLockFile0ErrorCode
2024-11-21 23:00:24,954 [ERROR] LogOutputStream:75 - [STDERR_REDIRECT] WARNING: Could not lock System prefs. Unix error code 2.
2024-11-21 23:00:24,954 [ERROR] LogOutputStream:75 - [STDERR_REDIRECT] 
2024-11-21 23:00:24,954 [ERROR] LogOutputStream:75 - [STDERR_REDIRECT] Nov 21, 2024 11:00:24 PM java.util.prefs.FileSystemPreferences syncWorld
2024-11-21 23:00:24,954 [ERROR] LogOutputStream:75 - [STDERR_REDIRECT] WARNING: Couldn't flush system prefs: java.util.prefs.BackingStoreException: Couldn't get file lock.
2024-11-21 23:00:24,955 [ERROR] LogOutputStream:75 - [STDERR_REDIRECT] 
2024-11-21 23:00:54,957 [ERROR] LogOutputStream:75 - [STDERR_REDIRECT] Nov 21, 2024 11:00:54 PM java.util.prefs.FileSystemPreferences checkLockFile0ErrorCode
2024-11-21 23:00:54,959 [ERROR] LogOutputStream:75 - [STDERR_REDIRECT] WARNING: Could not lock System prefs. Unix error code 2.
2024-11-21 23:00:54,959 [ERROR] LogOutputStream:75 - [STDERR_REDIRECT] 
2024-11-21 23:00:54,960 [ERROR] LogOutputStream:75 - [STDERR_REDIRECT] Nov 21, 2024 11:00:54 PM java.util.prefs.FileSystemPreferences syncWorld
2024-11-21 23:00:54,961 [ERROR] LogOutputStream:75 - [STDERR_REDIRECT] WARNING: Couldn't flush system prefs: java.util.prefs.BackingStoreException: Couldn't get file lock.
2024-11-21 23:00:54,961 [ERROR] LogOutputStream:75 - [STDERR_REDIRECT] 
2024-11-21 23:01:24,955 [ERROR] LogOutputStream:75 - [STDERR_REDIRECT] Nov 21, 2024 11:01:24 PM java.util.prefs.FileSystemPreferences checkLockFile0ErrorCode
2024-11-21 23:01:24,955 [ERROR] LogOutputStream:75 - [STDERR_REDIRECT] WARNING: Could not lock System prefs. Unix error code 2.
2024-11-21 23:01:24,955 [ERROR] LogOutputStream:75 - [STDERR_REDIRECT] 
2024-11-21 23:01:24,956 [ERROR] LogOutputStream:75 - [STDERR_REDIRECT] Nov 21, 2024 11:01:24 PM java.util.prefs.FileSystemPreferences syncWorld
2024-11-21 23:01:24,956 [ERROR] LogOutputStream:75 - [STDERR_REDIRECT] WARNING: Couldn't flush system prefs: java.util.prefs.BackingStoreException: Couldn't get file lock.
2024-11-21 23:01:24,956 [ERROR] LogOutputStream:75 - [STDERR_REDIRECT] 
2024-11-21 23:01:54,955 [ERROR] LogOutputStream:75 - [STDERR_REDIRECT] Nov 21, 2024 11:01:54 PM java.util.prefs.FileSystemPreferences checkLockFile0ErrorCode
2024-11-21 23:01:54,956 [ERROR] LogOutputStream:75 - [STDERR_REDIRECT] WARNING: Could not lock System prefs. Unix error code 2.
2024-11-21 23:01:54,956 [ERROR] LogOutputStream:75 - [STDERR_REDIRECT] 
2024-11-21 23:01:54,956 [ERROR] LogOutputStream:75 - [STDERR_REDIRECT] Nov 21, 2024 11:01:54 PM java.util.prefs.FileSystemPreferences syncWorld
2024-11-21 23:01:54,957 [ERROR] LogOutputStream:75 - [STDERR_REDIRECT] WARNING: Couldn't flush system prefs: java.util.prefs.BackingStoreException: Couldn't get file lock.
2024-11-21 23:01:54,957 [ERROR] LogOutputStream:75 - [STDERR_REDIRECT] 
2024-11-21 23:02:24,956 [ERROR] LogOutputStream:75 - [STDERR_REDIRECT] Nov 21, 2024 11:02:24 PM java.util.prefs.FileSystemPreferences checkLockFile0ErrorCode
2024-11-21 23:02:24,956 [ERROR] LogOutputStream:75 - [STDERR_REDIRECT] WARNING: Could not lock System prefs. Unix error code 2.
2024-11-21 23:02:24,957 [ERROR] LogOutputStream:75 - [STDERR_REDIRECT] 
2024-11-21 23:02:24,957 [ERROR] LogOutputStream:75 - [STDERR_REDIRECT] Nov 21, 2024 11:02:24 PM java.util.prefs.FileSystemPreferences syncWorld
2024-11-21 23:02:24,957 [ERROR] LogOutputStream:75 - [STDERR_REDIRECT] WARNING: Couldn't flush system prefs: java.util.prefs.BackingStoreException: Couldn't get file lock.
2024-11-21 23:02:24,958 [ERROR] LogOutputStream:75 - [STDERR_REDIRECT] 
2024-11-21 23:02:54,957 [ERROR] LogOutputStream:75 - [STDERR_REDIRECT] Nov 21, 2024 11:02:54 PM java.util.prefs.FileSystemPreferences checkLockFile0ErrorCode
2024-11-21 23:02:54,957 [ERROR] LogOutputStream:75 - [STDERR_REDIRECT] WARNING: Could not lock System prefs. Unix error code 2.
2024-11-21 23:02:54,957 [ERROR] LogOutputStream:75 - [STDERR_REDIRECT] 
2024-11-21 23:02:54,958 [ERROR] LogOutputStream:75 - [STDERR_REDIRECT] Nov 21, 2024 11:02:54 PM java.util.prefs.FileSystemPreferences syncWorld
2024-11-21 23:02:54,958 [ERROR] LogOutputStream:75 - [STDERR_REDIRECT] WARNING: Couldn't flush system prefs: java.util.prefs.BackingStoreException: Couldn't get file lock.
2024-11-21 23:02:54,958 [ERROR] LogOutputStream:75 - [STDERR_REDIRECT] 
2024-11-21 23:03:24,957 [ERROR] LogOutputStream:75 - [STDERR_REDIRECT] Nov 21, 2024 11:03:24 PM java.util.prefs.FileSystemPreferences checkLockFile0ErrorCode
2024-11-21 23:03:24,958 [ERROR] LogOutputStream:75 - [STDERR_REDIRECT] WARNING: Could not lock System prefs. Unix error code 2.
2024-11-21 23:03:24,958 [ERROR] LogOutputStream:75 - [STDERR_REDIRECT] 
2024-11-21 23:03:24,958 [ERROR] LogOutputStream:75 - [STDERR_REDIRECT] Nov 21, 2024 11:03:24 PM java.util.prefs.FileSystemPreferences syncWorld
2024-11-21 23:03:24,959 [ERROR] LogOutputStream:75 - [STDERR_REDIRECT] WARNING: Couldn't flush system prefs: java.util.prefs.BackingStoreException: Couldn't get file lock.
2024-11-21 23:03:24,959 [ERROR] LogOutputStream:75 - [STDERR_REDIRECT] 
2024-11-21 23:03:54,956 [ERROR] LogOutputStream:75 - [STDERR_REDIRECT] Nov 21, 2024 11:03:54 PM java.util.prefs.FileSystemPreferences checkLockFile0ErrorCode
2024-11-21 23:03:54,956 [ERROR] LogOutputStream:75 - [STDERR_REDIRECT] WARNING: Could not lock System prefs. Unix error code 2.
2024-11-21 23:03:54,957 [ERROR] LogOutputStream:75 - [STDERR_REDIRECT] 
2024-11-21 23:03:54,958 [ERROR] LogOutputStream:75 - [STDERR_REDIRECT] Nov 21, 2024 11:03:54 PM java.util.prefs.FileSystemPreferences syncWorld
2024-11-21 23:03:54,958 [ERROR] LogOutputStream:75 - [STDERR_REDIRECT] WARNING: Couldn't flush system prefs: java.util.prefs.BackingStoreException: Couldn't get file lock.
2024-11-21 23:03:54,958 [ERROR] LogOutputStream:75 - [STDERR_REDIRECT] 
2024-11-21 23:04:24,958 [ERROR] LogOutputStream:75 - [STDERR_REDIRECT] Nov 21, 2024 11:04:24 PM java.util.prefs.FileSystemPreferences checkLockFile0ErrorCode
2024-11-21 23:04:24,958 [ERROR] LogOutputStream:75 - [STDERR_REDIRECT] WARNING: Could not lock System prefs. Unix error code 2.
2024-11-21 23:04:24,958 [ERROR] LogOutputStream:75 - [STDERR_REDIRECT] 
2024-11-21 23:04:24,959 [ERROR] LogOutputStream:75 - [STDERR_REDIRECT] Nov 21, 2024 11:04:24 PM java.util.prefs.FileSystemPreferences syncWorld
2024-11-21 23:04:24,959 [ERROR] LogOutputStream:75 - [STDERR_REDIRECT] WARNING: Couldn't flush system prefs: java.util.prefs.BackingStoreException: Couldn't get file lock.
2024-11-21 23:04:24,960 [ERROR] LogOutputStream:75 - [STDERR_REDIRECT] 
2024-11-21 23:04:54,958 [ERROR] LogOutputStream:75 - [STDERR_REDIRECT] Nov 21, 2024 11:04:54 PM java.util.prefs.FileSystemPreferences checkLockFile0ErrorCode
2024-11-21 23:04:54,959 [ERROR] LogOutputStream:75 - [STDERR_REDIRECT] WARNING: Could not lock System prefs. Unix error code 2.
2024-11-21 23:04:54,959 [ERROR] LogOutputStream:75 - [STDERR_REDIRECT] 
2024-11-21 23:04:54,959 [ERROR] LogOutputStream:75 - [STDERR_REDIRECT] Nov 21, 2024 11:04:54 PM java.util.prefs.FileSystemPreferences syncWorld
2024-11-21 23:04:54,960 [ERROR] LogOutputStream:75 - [STDERR_REDIRECT] WARNING: Couldn't flush system prefs: java.util.prefs.BackingStoreException: Couldn't get file lock.
2024-11-21 23:04:54,960 [ERROR] LogOutputStream:75 - [STDERR_REDIRECT] 
2024-11-21 23:05:24,957 [ERROR] LogOutputStream:75 - [STDERR_REDIRECT] Nov 21, 2024 11:05:24 PM java.util.prefs.FileSystemPreferences checkLockFile0ErrorCode
2024-11-21 23:05:24,958 [ERROR] LogOutputStream:75 - [STDERR_REDIRECT] WARNING: Could not lock System prefs. Unix error code 2.
2024-11-21 23:05:24,958 [ERROR] LogOutputStream:75 - [STDERR_REDIRECT] 
2024-11-21 23:05:24,959 [ERROR] LogOutputStream:75 - [STDERR_REDIRECT] Nov 21, 2024 11:05:24 PM java.util.prefs.FileSystemPreferences syncWorld
2024-11-21 23:05:24,959 [ERROR] LogOutputStream:75 - [STDERR_REDIRECT] WARNING: Couldn't flush system prefs: java.util.prefs.BackingStoreException: Couldn't get file lock.
2024-11-21 23:05:24,960 [ERROR] LogOutputStream:75 - [STDERR_REDIRECT] 
2024-11-21 23:05:54,957 [ERROR] LogOutputStream:75 - [STDERR_REDIRECT] Nov 21, 2024 11:05:54 PM java.util.prefs.FileSystemPreferences checkLockFile0ErrorCode
2024-11-21 23:05:54,958 [ERROR] LogOutputStream:75 - [STDERR_REDIRECT] WARNING: Could not lock System prefs. Unix error code 2.
2024-11-21 23:05:54,958 [ERROR] LogOutputStream:75 - [STDERR_REDIRECT] 
2024-11-21 23:05:54,958 [ERROR] LogOutputStream:75 - [STDERR_REDIRECT] Nov 21, 2024 11:05:54 PM java.util.prefs.FileSystemPreferences syncWorld
2024-11-21 23:05:54,959 [ERROR] LogOutputStream:75 - [STDERR_REDIRECT] WARNING: Couldn't flush system prefs: java.util.prefs.BackingStoreException: Couldn't get file lock.
2024-11-21 23:05:54,959 [ERROR] LogOutputStream:75 - [STDERR_REDIRECT] 
2024-11-21 23:06:24,956 [ERROR] LogOutputStream:75 - [STDERR_REDIRECT] Nov 21, 2024 11:06:24 PM java.util.prefs.FileSystemPreferences checkLockFile0ErrorCode
2024-11-21 23:06:24,957 [ERROR] LogOutputStream:75 - [STDERR_REDIRECT] WARNING: Could not lock System prefs. Unix error code 2.
2024-11-21 23:06:24,957 [ERROR] LogOutputStream:75 - [STDERR_REDIRECT] 
2024-11-21 23:06:24,957 [ERROR] LogOutputStream:75 - [STDERR_REDIRECT] Nov 21, 2024 11:06:24 PM java.util.prefs.FileSystemPreferences syncWorld
2024-11-21 23:06:24,957 [ERROR] LogOutputStream:75 - [STDERR_REDIRECT] WARNING: Couldn't flush system prefs: java.util.prefs.BackingStoreException: Couldn't get file lock.
2024-11-21 23:06:24,957 [ERROR] LogOutputStream:75 - [STDERR_REDIRECT] 
2024-11-21 23:06:54,956 [ERROR] LogOutputStream:75 - [STDERR_REDIRECT] Nov 21, 2024 11:06:54 PM java.util.prefs.FileSystemPreferences checkLockFile0ErrorCode
2024-11-21 23:06:54,957 [ERROR] LogOutputStream:75 - [STDERR_REDIRECT] WARNING: Could not lock System prefs. Unix error code 2.
2024-11-21 23:06:54,957 [ERROR] LogOutputStream:75 - [STDERR_REDIRECT] 
2024-11-21 23:06:54,957 [ERROR] LogOutputStream:75 - [STDERR_REDIRECT] Nov 21, 2024 11:06:54 PM java.util.prefs.FileSystemPreferences syncWorld
2024-11-21 23:06:54,957 [ERROR] LogOutputStream:75 - [STDERR_REDIRECT] WARNING: Couldn't flush system prefs: java.util.prefs.BackingStoreException: Couldn't get file lock.
2024-11-21 23:06:54,957 [ERROR] LogOutputStream:75 - [STDERR_REDIRECT] 
2024-11-21 23:07:24,956 [ERROR] LogOutputStream:75 - [STDERR_REDIRECT] Nov 21, 2024 11:07:24 PM java.util.prefs.FileSystemPreferences checkLockFile0ErrorCode
2024-11-21 23:07:24,956 [ERROR] LogOutputStream:75 - [STDERR_REDIRECT] WARNING: Could not lock System prefs. Unix error code 2.
2024-11-21 23:07:24,957 [ERROR] LogOutputStream:75 - [STDERR_REDIRECT] 
2024-11-21 23:07:24,957 [ERROR] LogOutputStream:75 - [STDERR_REDIRECT] Nov 21, 2024 11:07:24 PM java.util.prefs.FileSystemPreferences syncWorld
2024-11-21 23:07:24,957 [ERROR] LogOutputStream:75 - [STDERR_REDIRECT] WARNING: Couldn't flush system prefs: java.util.prefs.BackingStoreException: Couldn't get file lock.
2024-11-21 23:07:24,957 [ERROR] LogOutputStream:75 - [STDERR_REDIRECT] 
2024-11-21 23:07:54,959 [ERROR] LogOutputStream:75 - [STDERR_REDIRECT] Nov 21, 2024 11:07:54 PM java.util.prefs.FileSystemPreferences checkLockFile0ErrorCode
2024-11-21 23:07:54,959 [ERROR] LogOutputStream:75 - [STDERR_REDIRECT] WARNING: Could not lock System prefs. Unix error code 2.
2024-11-21 23:07:54,959 [ERROR] LogOutputStream:75 - [STDERR_REDIRECT] 
2024-11-21 23:07:54,959 [ERROR] LogOutputStream:75 - [STDERR_REDIRECT] Nov 21, 2024 11:07:54 PM java.util.prefs.FileSystemPreferences syncWorld
2024-11-21 23:07:54,960 [ERROR] LogOutputStream:75 - [STDERR_REDIRECT] WARNING: Couldn't flush system prefs: java.util.prefs.BackingStoreException: Couldn't get file lock.
2024-11-21 23:07:54,960 [ERROR] LogOutputStream:75 - [STDERR_REDIRECT] 
2024-11-21 23:08:24,957 [ERROR] LogOutputStream:75 - [STDERR_REDIRECT] Nov 21, 2024 11:08:24 PM java.util.prefs.FileSystemPreferences checkLockFile0ErrorCode
2024-11-21 23:08:24,958 [ERROR] LogOutputStream:75 - [STDERR_REDIRECT] WARNING: Could not lock System prefs. Unix error code 2.
2024-11-21 23:08:24,958 [ERROR] LogOutputStream:75 - [STDERR_REDIRECT] 
2024-11-21 23:08:24,959 [ERROR] LogOutputStream:75 - [STDERR_REDIRECT] Nov 21, 2024 11:08:24 PM java.util.prefs.FileSystemPreferences syncWorld
2024-11-21 23:08:24,959 [ERROR] LogOutputStream:75 - [STDERR_REDIRECT] WARNING: Couldn't flush system prefs: java.util.prefs.BackingStoreException: Couldn't get file lock.
2024-11-21 23:08:24,959 [ERROR] LogOutputStream:75 - [STDERR_REDIRECT] 
2024-11-21 23:08:54,958 [ERROR] LogOutputStream:75 - [STDERR_REDIRECT] Nov 21, 2024 11:08:54 PM java.util.prefs.FileSystemPreferences checkLockFile0ErrorCode
2024-11-21 23:08:54,958 [ERROR] LogOutputStream:75 - [STDERR_REDIRECT] WARNING: Could not lock System prefs. Unix error code 2.
2024-11-21 23:08:54,958 [ERROR] LogOutputStream:75 - [STDERR_REDIRECT] 
2024-11-21 23:08:54,959 [ERROR] LogOutputStream:75 - [STDERR_REDIRECT] Nov 21, 2024 11:08:54 PM java.util.prefs.FileSystemPreferences syncWorld
2024-11-21 23:08:54,959 [ERROR] LogOutputStream:75 - [STDERR_REDIRECT] WARNING: Couldn't flush system prefs: java.util.prefs.BackingStoreException: Couldn't get file lock.
2024-11-21 23:08:54,959 [ERROR] LogOutputStream:75 - [STDERR_REDIRECT] 
2024-11-21 23:09:24,958 [ERROR] LogOutputStream:75 - [STDERR_REDIRECT] Nov 21, 2024 11:09:24 PM java.util.prefs.FileSystemPreferences checkLockFile0ErrorCode
2024-11-21 23:09:24,959 [ERROR] LogOutputStream:75 - [STDERR_REDIRECT] WARNING: Could not lock System prefs. Unix error code 2.
2024-11-21 23:09:24,959 [ERROR] LogOutputStream:75 - [STDERR_REDIRECT] 
2024-11-21 23:09:24,960 [ERROR] LogOutputStream:75 - [STDERR_REDIRECT] Nov 21, 2024 11:09:24 PM java.util.prefs.FileSystemPreferences syncWorld
2024-11-21 23:09:24,961 [ERROR] LogOutputStream:75 - [STDERR_REDIRECT] WARNING: Couldn't flush system prefs: java.util.prefs.BackingStoreException: Couldn't get file lock.
2024-11-21 23:09:24,961 [ERROR] LogOutputStream:75 - [STDERR_REDIRECT] 
2024-11-21 23:09:45,578 [ERROR] LogOutputStream:75 - [STDERR_REDIRECT] 
2024-11-21 23:09:45,579 [ERROR] LogOutputStream:75 - [STDERR_REDIRECT] 
